<xml>
	<title>L'affaire Courilof</title>
	<subtitle>Analyse complète de l'oeuvre</subtitle>
	<isbn>9782511032527</isbn>
	<keywords>[Irène Némirovsky,  L'Affaire Courilof,  Fichesdelecture.com ebooks,  fiches de lecture,  littérature française,  résumés détaillés,  collèges,  lycées,  références littéraires,  éducation nationale,  théories littéraires,  axes d'analyse,  critiques,  outils pédagogiques,  enseignements,  parascolaires]</keywords>
	<languageID>2</languageID>
	<createdOn>11.11.2016 13:13:07</createdOn>
	<authors> Steven Izenour</authors>
<xml>

<xml>
	<title>Colomba</title>
	<subtitle></subtitle>
	<isbn>9782335003604</isbn>
	<keywords>[Colomba,  Prosper Mérimée,  nouvelle romantique,  vendetta,  littérature française,  romantisme,  19e siècle,  XIXe,  conflit familial,  guerre entre familles,  Colomba della Rebbia,  Barricini,  Revue des deux mondes]</keywords>
	<languageID>2</languageID>
	<createdOn>11.11.2016 11:11:10</createdOn>
	<authors> Régis Seewald</authors>
<xml>

<xml>
	<title>Le support en droit d'auteur</title>
	<subtitle></subtitle>
	<isbn>9782804463380</isbn>
	<keywords>[Le support en droit d'auteur, Droit, Propriétés intellectuelles, Droit d’auteur et médias, Création Information Communication]</keywords>
	<languageID>2</languageID>
	<createdOn>11.11.2016 13:40:25</createdOn>
	<authors> Guillaume Fried</authors>
<xml>

<xml>
	<title>La Maison du chat-qui-pelote</title>
	<subtitle></subtitle>
	<isbn>9782335012507</isbn>
	<keywords>[La Maison du chat-qui-pelote,  Ligaran,  Honoré de Balzac,  Balzac,  roman,  La comédie humaine,  littérature française,  19e siècle,  XIXe siècle,  réalisme visionnaire,  mouvement réaliste,  étude de moeurs,  Monsieur Guillaume]</keywords>
	<languageID>2</languageID>
	<createdOn>11.11.2016 10:42:01</createdOn>
	<authors> Eclats de lire</authors>
<xml>

<xml>
	<title>Une brassée de goémon</title>
	<subtitle>Un roman biographique</subtitle>
	<isbn>9782844974037</isbn>
	<keywords>[Une brassée de goémon,  Louis Priser,  Liv'Éditions,  collection Liv'Poche,  ebooks,  autobiographies,  mémoires,  romans régionaux,  romans d'amour,  romances,  récits de vie,  terroir,  histoires d'amour,  Bretagne,  exils,  dragons,  guerres,  île de Batz,  paradis perdus,  nature,  hommes,  femmes]</keywords>
	<languageID>2</languageID>
	<createdOn>08.12.2016 11:54:03</createdOn>
	<authors>  fichesdelecture</authors>
<xml>

<xml>
	<title>Syrie</title>
	<subtitle>Les Grands Articles d'Universalis</subtitle>
	<isbn>9782341001960</isbn>
	<keywords>[syrie,  encyclopédie universalis,  Proche-Orient,  Bachar el-Assad,  Damas,  Abbāssides,  omeyyade,  Mamlouks,  fātimide,  Baas,  Néo-Baas,  conflit israélo-arabe,  Printemps de Damas,  régime Assad,  conquêtes arabes,  unions syro-égyptienne,  armées syriennes,  régimes syriens,  confrontations états-unis]</keywords>
	<languageID>2</languageID>
	<createdOn>11.11.2016 10:32:09</createdOn>
	<authors> Gaston Vogel</authors>
<xml>

<xml>
	<title>Les Corps mourants de Plozévet</title>
	<subtitle>Meurtres en série en pays bigouden</subtitle>
	<isbn>9782355503566</isbn>
	<keywords>[Les Corps mourants de Plozévet,  Marie Vaillant,  Editions Alain Bargain,  ebooks,  polars,  thrillers,  enquêtes policières,  crimes,  meurtres,  disparitions,  Bretagne,  polars régionaux,  polar régional,  côte armoricaine,  suspense,  mystères,  criminels,  empoisonnements]</keywords>
	<languageID>2</languageID>
	<createdOn>03.03.2017 09:41:38</createdOn>
	<authors> Jean-Luc Ancely</authors>
<xml>

<xml>
	<title>Souvenirs</title>
	<subtitle>Enfance - Adolescence - Jeunesse</subtitle>
	<isbn>9782335145557</isbn>
	<keywords>[Souvenirs,  Enfance - Adolescence - Jeunesse,  Léon Tolstoï,  Ligaran ebooks,  œuvres domaine public,  œuvres indisponibles,  littérature classique,  littérature russe 19e siècle,  romanciers russes,  autobiographies,  récits autobiographiques,  mémoires personnels,  confessions,  pensées,  réflexions,  souvenirs,  aventures,  enfances,  crises mélancolie,  crises existentielles]</keywords>
	<languageID>2</languageID>
	<createdOn>11.11.2016 13:29:22</createdOn>
	<authors> Encyclopaedia Universalis</authors>
<xml>

<xml>
	<title>Kennedy et la lutte contre le communisme</title>
	<subtitle>Le golden boy de la politique américaine</subtitle>
	<isbn>9782806254368</isbn>
	<keywords>[1960,  Kennedy,  John Fitzgerald Kennedy,  JFK,  35e président des Etats-Unis,  guerre froide,  plus jeune président des États-Unis,  Maison-Blanche,  assassinat président,  22 novembre 1963,  Dallas,  Jackie Kennedy,  baie des Cochons,  crise des missiles de Cuba,  droits civiques des Noirs,  programme spatial américain,  Peace Corps,  clan Kennedy,  lutte contre communisme]</keywords>
	<languageID>2</languageID>
	<createdOn>11.11.2016 14:14:00</createdOn>
	<authors>  50MINUTES</authors>
<xml>

<xml>
	<title>La pensée positive 2.0</title>
	<subtitle>La loi de l'attraction enfin expliquée</subtitle>
	<isbn>9782889389933</isbn>
	<keywords>[La pensée positive 2.0,  La loi de l'attraction enfin expliquée,  Yves-Alexandre Thalmann,  La Source Vive Éditions,  Infolio Éditions,  ebooks,  essais,  guides pratiques,  livres pratiques, santés et bien-être, développements personnels, pensées positives, psychologies positives, vies meilleures,  succès,  techniques, chances, optimismes,  sciences, outils, astuces, fonctionnements, autosuggestions, visualisations, bienfaits, expériences scientifiques, abondances, optimistes, rouages intimes]</keywords>
	<languageID>2</languageID>
	<createdOn>17.01.2017 08:51:49</createdOn>
	<authors>  fichesdelecture</authors>
<xml>

<xml>
	<title>La Crise des sciences européennes et la phénoménologie transcendantale d'Edmund Husserl</title>
	<subtitle>Les Fiches de lecture d'Universalis</subtitle>
	<isbn>9782852296817</isbn>
	<keywords>[Edmund Husserl,  La Crise des sciences européennes et la phénoménologie transcendantale,  encyclopédie universalis,  littérature,  littéraire classique,  contemporaine,  guide,  auteur,  lecture,  analyse,  critique,  fiche,  résumés,  aide,  études,  œuvre,  scolaires,  parascolaires,  bac de français,  prépa,  enseignants,  repères]</keywords>
	<languageID>2</languageID>
	<createdOn>11.11.2016 13:34:45</createdOn>
	<authors> der Querleser</authors>
<xml>

<xml>
	<title>La spiruline et ses bienfaits</title>
	<subtitle>Les vertus de l'algue bleu-vert...</subtitle>
	<isbn>9782511026205</isbn>
	<keywords>[Petit Guide, La spiruline et ses bienfaits,  l'algue bleu-vert,  Aedis éditions,  ebooks,  guides pratiques,  ouvrages de référence,  remèdes naturels,  algues marines,  astuces,  micro-algues,  propriétés détoxinantes,  cures détox,  vitamines,  santé,  bien-être,  produits bio,  diabète,  digestion,  maladies cardiaques]</keywords>
	<languageID>2</languageID>
	<createdOn>11.11.2016 13:43:34</createdOn>
	<authors> Célia Ramain</authors>
<xml>

<xml>
	<title>Qui a ramené Doruntine ? d'Ismaïl Kadaré (Fiche de lecture)</title>
	<subtitle>Résumé complet et analyse détaillée de l'oeuvre</subtitle>
	<isbn>9782806227621</isbn>
	<keywords>[Qui a ramené Doruntine , Ismaïl Kadaré , analyse complète de l'oeuvre , résumé détaillé du livre , fiche de lecture , profil littéraire , critique , littérature XXe siècle , littérature albanaise , critique du totalitarisme , enquête policière , surnaturel , orthodoxie , grands classiques , outils pédagogiques , parascolaire , critique littéraire , enseignement , lepetitlitteraire.fr , le petit litteraire]</keywords>
	<languageID>2</languageID>
	<createdOn>11.11.2016 11:47:21</createdOn>
	<authors>  Ligaran</authors>
<xml>

<xml>
	<title>Pour quelques doigts</title>
	<subtitle>Nouvelle érotique</subtitle>
	<isbn>9791023404029</isbn>
	<keywords>[Pour quelques doigts,  Baptiste Madamour,  Éditions Ska,  ebooks,  Culissime,  littérature française,  littérature érotique,  littérature libertine,  charme,  sensualité,  désir,  plaisir,  séduction,  romance,  romans roses,  nouvelles érotiques,  érotismes,  sadismes,  masochismes,  dominations,  soumissions,  souffrances,  premières expériences,  éducations sexuelles,  désirs,  désillusions amoureuses]</keywords>
	<languageID>2</languageID>
	<createdOn>11.11.2016 11:41:17</createdOn>
	<authors> Richard Betsch</authors>
<xml>

<xml>
	<title>Summary: Palestine: Peace Not Apartheid</title>
	<subtitle>Review and Analysis of Jimmy Carter's Book</subtitle>
	<isbn>9782511001424</isbn>
	<keywords>[Palestine: Peace Not Apartheid,  Jimmy Carter,  political,  summary,  apartheid,  israel,  palestine,  holy land,  terrorism,  diplomacy,  peace,  dignity]</keywords>
	<languageID>1</languageID>
	<createdOn>02.02.2017 08:52:27</createdOn>
	<authors> André Boutin</authors>
<xml>

<xml>
	<title>Nahda Mas ?</title>
	<subtitle>Réflexions autour de l'attentat à Charlie Hebdo</subtitle>
	<isbn>9782359629125</isbn>
	<keywords>[Nahda Mas ?,  Réflexions autour de l'attentat à Charlie Hebdo,  ANAP-CRACH,  Editions Ex Aequo,  collection Les Savoirs,  ebooks,  réflexions,  études,  colloques,  débats,  attentats,  Charlie Hebdo,  lycée Charles Nodier,  Dole,  liberté d’expression,  islam,  choc des civilisations,  laïcité,  racisme,  islamophobie,  union nationale et républicaine,  médias,  presse,  théories du complot]</keywords>
	<languageID>2</languageID>
	<createdOn>18.04.2017 17:04:24</createdOn>
	<authors> Alfred de Bréhat</authors>
<xml>

<xml>
	<title>Si c'est un homme - Primo Levi (Fiche de lecture)</title>
	<subtitle>Analyse complète de l'oeuvre</subtitle>
	<isbn>9782511026250</isbn>
	<keywords>[Fiche de lecture,  Si c'est un homme,  Primo Levi, résumés, analyses détaillées, éducations nationales, collèges, lycées, analyses littéraires, théories littéraires, œuvres classiques, romans, récits autobiographiques, auteurs classiques,  référence littéraire,  Auschwitz, nazismes, camps de concentration,  Alliés, personnages, axes de lectures]</keywords>
	<languageID>2</languageID>
	<createdOn>11.11.2016 11:09:55</createdOn>
	<authors> Williams Crépin</authors>
<xml>

<xml>
	<title>Génération anglais</title>
	<subtitle>Roman linguistique</subtitle>
	<isbn>9791023601794</isbn>
	<keywords>[Génération anglais,  Judith Andreyev,  Publishroom,  ebooks,  littérature,  romans,  apprentissage des langues,  anglais,  français,  langues étrangères,  grammaire,  expressions orales,  présentations en anglais,  New York,  aventures,  péripéties,  conférences,  lectures,  études,  écoles,  professeurs,  famille,  humour]</keywords>
	<languageID>2</languageID>
	<createdOn>11.11.2016 14:45:35</createdOn>
	<authors> Jean Étienne</authors>
<xml>

<xml>
	<title>Romans et Contes</title>
	<subtitle></subtitle>
	<isbn>9782335002461</isbn>
	<keywords>[Romans et Contes,  Théophile Gautier,  littérature française,  XIXe siècle,  19e,  Le chevalier double,  Le club des Hachichins,  Kief,  consommations et effets de drogues,  haschich,  double personnalité,  dédoublement de personnalité]</keywords>
	<languageID>2</languageID>
	<createdOn>11.11.2016 11:17:48</createdOn>
	<authors> Encyclopaedia Universalis</authors>
<xml>

<xml>
	<title>Adam et Eve et autres histoires de la Bible</title>
	<subtitle>L'Ancien Testament</subtitle>
	<isbn>9782511030615</isbn>
	<keywords>[Adam et Eve et autres histoires de la Bible,  L'Ancien Testament,  tome 1,  Éditions Caramel,  ebooks,  bible pour enfants,  histoires jeunesse,  catholiques,  religion,  ancien testament,  sagas,  paraboles,  livres pour enfants,  ebooks 8 ans,  livres 10 ans,   anecdotes religieuses,  Cain et Abel,  Genèse,  paradis,  enfer,  Saintes écritures,  légendes,  christianisme,  texte religieux,  bible online,  télécharger bible]</keywords>
	<languageID>2</languageID>
	<createdOn>11.11.2016 12:14:20</createdOn>
	<authors> Hugo Buan</authors>
<xml>

<xml>
	<title>Cap sur la gouvernance des PME</title>
	<subtitle>Guide (Droit belge)</subtitle>
	<isbn>9782874557828</isbn>
	<keywords>[Cap sur la gouvernance des PME,  Guide,  conformité droit belge,  Belgique,  Sibylle du Bus de Warnaffe,  Lutgart Van den Berghe,  Belgique,  Anthemis éditions ebooks,  ouvrages pratiques,  guides,  législations,  petites et moyennes entreprises,  entrepreneurs,  conseils]</keywords>
	<languageID>2</languageID>
	<createdOn>11.11.2016 12:09:04</createdOn>
	<authors> Laurence Binon</authors>
<xml>

<xml>
	<title>Iphigénie en Aulide</title>
	<subtitle></subtitle>
	<isbn>9782335016284</isbn>
	<keywords>[Jean Racine,  Iphigénie en Aulide,  Ligaran,  pièces de théâtre classiques,  tragédies,  XVIIe siècle,  17e,  littérature française,  classicisme]</keywords>
	<languageID>2</languageID>
	<createdOn>11.11.2016 11:39:03</createdOn>
	<authors>  Collectif</authors>
<xml>

<xml>
	<title>L'Oeuvre d'Émile Zola (Analyse de l'oeuvre)</title>
	<subtitle>Comprendre la littérature avec lePetitLittéraire.fr</subtitle>
	<isbn>9782806253354</isbn>
	<keywords>[L'Oeuvre,  Émile Zola,  naturalisme,  Rougon-Macquart,  impressionnisme,  Littérature,  grands classiques,  outils pédagogiques,  parascolaire,  critiques littéraires,  enseignement,  fiches de lecture,  analyses littéraires,  fantastique,  profil d'une oeuvre,  lepetitlitteraire.fr,  le petit litteraire,  analyses du livre]</keywords>
	<languageID>2</languageID>
	<createdOn>11.11.2016 12:04:23</createdOn>
	<authors> Christine Benoit</authors>
<xml>

<xml>
	<title>Nains de jardin</title>
	<subtitle>Nouvelles</subtitle>
	<isbn>9782882413437</isbn>
	<keywords>[Nains de jardin,  Nouvelles,  Jacques-Étienne Bovard,  Bernard Campiche Éditeur,  ebooks,  recueils de nouvelles,  textes courts,  thématiques,  mesquinerie,  relations sociales,  copropriétaires,  médiocrité,  rencontres, isolement,  dentistes, surveillance,  voisinages,  quartiers,  communautés,  sex-shop, secrets,  cuisine,  humour,  littérature générale,  littérature francophone]</keywords>
	<languageID>2</languageID>
	<createdOn>11.11.2016 11:37:31</createdOn>
	<authors>  lePetitPhilosophe</authors>
<xml>

<xml>
	<title>Les Hirondelles de Kaboul de Yasmina Khadra (Analyse de l'oeuvre)</title>
	<subtitle>Résumé complet et analyse détaillée de l'oeuvre</subtitle>
	<isbn>9782806292698</isbn>
	<keywords>[Les Hirondelles de Kaboul,  Yasmina Khadra,  Mohammed Moulessehoul,  le petit litteraire,  lePetitLittéraire.fr,  littérature contemporaine,  littérature algérienne,  analyse complète de l'oeuvre,  résumé détaillé du livre,  fiche de lecture,  critique littéraire,  outils pédagogiques,  parascolaire,  analyse du livre,  clés de lecture,  étude des personnages,  guerre d'Afghanistan,  talibans,  Pakistan,  meilleur livre de l'année 2005]</keywords>
	<languageID>2</languageID>
	<createdOn>09.02.2017 09:47:54</createdOn>
	<authors> Anatole France</authors>
<xml>

<xml>
	<title>Autour de la Lune</title>
	<subtitle></subtitle>
	<isbn>9782335017113</isbn>
	<keywords>[Autour de la Lune,  Jules Verne,  Ligaran,  littérature française,  XIXe,  aventures,  science-fiction,  roman d'anticipation,  Voyages extraordinaires]</keywords>
	<languageID>2</languageID>
	<createdOn>11.11.2016 14:19:43</createdOn>
	<authors> Abdeslam Badre</authors>
<xml>

<xml>
	<title>Correr de otro modo</title>
	<subtitle>Ensayo deportivo</subtitle>
	<isbn>9788415726548</isbn>
	<keywords>[Correr de otro modo,  Ensayo deportivo,  Alfredo Varona,  editorial Al Poste ebooks,  literatura deportiva,  ensayos deportivos,  briografías deportistas españoles,  carreras,  corredores,  corredoras,  bienestar,  historia de la carreras,  métodos,  salud]</keywords>
	<languageID>3</languageID>
	<createdOn>11.11.2016 12:44:31</createdOn>
	<authors> Grégory Jaucot</authors>
<xml>

<xml>
	<title>Lettres sur l'Amérique du Nord</title>
	<subtitle>Tome I</subtitle>
	<isbn>9782335038651</isbn>
	<keywords>[Lettres sur l'Amérique du Nord,  Tome I,  Michel Chevalier,  Ligaran,  économie,  politique,  industries,  état industriel et économique,  XIXe]</keywords>
	<languageID>2</languageID>
	<createdOn>11.11.2016 11:15:47</createdOn>
	<authors>  Collectif</authors>
<xml>

<xml>
	<title>Adolescents et difficultés scolaires</title>
	<subtitle>Approche de la complexité</subtitle>
	<isbn>9782804702441</isbn>
	<keywords>[Aline Henrion,  Jacques Grégoire,  Adolescents et difficultés scolaires,  Approche de la complexité,  Editions Mardaga, collection  PSY-Évaluation, mesure, diagnostic, ebooks, ouvrages de référence, psychologie clinique, adolescences,  décrochages et échecs à l'école,  troubles d'apprentissage,  thérapies,  motivations,  symptômes,  diagnostics,  influences,  enjeux familiaux,  familles,  drogues, pathologies, écoles]</keywords>
	<languageID>2</languageID>
	<createdOn>11.11.2016 11:16:31</createdOn>
	<authors> Claudia L.</authors>
<xml>

<xml>
	<title>La Vie rurale dans l'ancienne France</title>
	<subtitle></subtitle>
	<isbn>9782335028980</isbn>
	<keywords>[La Vie rurale dans l'ancienne France,  Albert Babeau,  Ligaran,  historiens,  histoire de France,  histoire française,  essais historiques]</keywords>
	<languageID>2</languageID>
	<createdOn>11.11.2016 10:31:30</createdOn>
	<authors> Jacques Richard</authors>
<xml>

<xml>
	<title>Les Métamorphoses d'Ovide (Fiche de lecture)</title>
	<subtitle>Analyse complète de l'oeuvre</subtitle>
	<isbn>9782511027479</isbn>
	<keywords>[Fiche de lecture,  Les Métamorphoses,  Ovide,  résumé,  analyse détaillée,  éducation nationale,  collège,  lycée,  analyse littéraire,  théorie littéraire,  œuvre classique,  roman,  pièce de théâtre,  auteur classique,  référence littéraire,  poème épique]</keywords>
	<languageID>2</languageID>
	<createdOn>11.11.2016 10:37:49</createdOn>
	<authors> Arsène Houssaye</authors>
<xml>

<xml>
	<title>Une partie de campagne</title>
	<subtitle></subtitle>
	<isbn>9782335067484</isbn>
	<keywords>[Guy de Maupassant,  Une partie de campagne,  Ligaran éditions,  ebooks,  nouvelles psychologiques et sentimentales,  littérature française,  classiques,  XIXe siècle,  romances,  histoires d'amour,  relations amoureuses et extra-conjugales,  adultères,  infidélités,  amants,  mariages,  regrets,  mouvements littéraires,  réalisme,  La Maison Tellier,  fictions]</keywords>
	<languageID>2</languageID>
	<createdOn>11.11.2016 10:28:44</createdOn>
	<authors> Xavier Pace (dir.)</authors>
<xml>

<xml>
	<title>Dora Bruder (Fiche de lecture)</title>
	<subtitle>Analyse complète de l'oeuvre de Patrick Modiano</subtitle>
	<isbn>9782511025482</isbn>
	<keywords>[Fiche de lecture,  Dora Bruder,  Patrick Modiano,  Modiano,  ebooks,  résumé,  analyse complète,  analyse détaillée,  éducation nationale,  collège,  lycée,  analyse littéraire,  théorie littéraire,  œuvre classique,  roman,  auteur classique,  référence littéraire,  juive,  déporté,  déportation,  Auschwitz,  camp de concentration,  première guerre mondiale,  autofiction,  lutte contre l’oubli,  quête d’identité,  absence père]</keywords>
	<languageID>2</languageID>
	<createdOn>11.11.2016 11:02:04</createdOn>
	<authors>  50Minutos</authors>
<xml>

<xml>
	<title>La Seringue atomique</title>
	<subtitle>Chroniques agitées d'une infirmière libérale</subtitle>
	<isbn>9791093576190</isbn>
	<keywords>[La Seringue atomique,  Chroniques agitées d'une infirmière libérale,  Corinne Régulaire,  Félé,  Éditions Marie B,  ebooks,  soins de santé,  france,  système santé,  patients,  humour,  médecine,  coups de gueule, témoignages,  billets d'humeur,  médecins, indus,  articles,  blogs,  professions libérales,  expériences,  difficultés,  soins,  salaires, retraite, cour des comptes, urssaf, milieux infirmiers]</keywords>
	<languageID>2</languageID>
	<createdOn>11.11.2016 11:01:45</createdOn>
	<authors>  fichesdelecture</authors>
<xml>

<xml>
	<title>La Religieuse de Denis Diderot (Fiche de lecture)</title>
	<subtitle>Résumé complet et analyse détaillée de l'oeuvre</subtitle>
	<isbn>9782806265500</isbn>
	<keywords>[LePetitLittéraire.fr,  La Religieuse,  Diderot,   résumé détaillé du livre,  fiche de lecture,  profil littéraire,  analyse complète de l'oeuvre,  critique littéraire,  actualité littéraire,  grands classiques,  outils pédagogiques,  parascolaire,  enseignement,  analyse littéraire,  littérature française,  lepetitlitteraire.fr,  le petit litteraire,  analyse du livre,  présentation des personnages,  roman-mémoires ]</keywords>
	<languageID>2</languageID>
	<createdOn>11.11.2016 13:49:21</createdOn>
	<authors> Christophe Pellegrini</authors>
<xml>

<xml>
	<title>Les Armes miraculeuses de Aimé Césaire (Fiche de lecture)</title>
	<subtitle>Résumé complet et analyse détaillée de l'oeuvre</subtitle>
	<isbn>9782806230300</isbn>
	<keywords>[Les Armes miraculeuses , Aimé Césaire , analyse complète de l'oeuvre , résumé détaillé du livre , fiche de lecture , profil littéraire , critique , Littérature , grands classiques , outils pédagogiques , parascolaire , critique littéraire , enseignement , lepetitlitteraire.fr , le petit litteraire]</keywords>
	<languageID>2</languageID>
	<createdOn>11.11.2016 12:05:09</createdOn>
	<authors> Aaron Hortui</authors>
<xml>

<xml>
	<title>Le Modèle millionnaire</title>
	<subtitle>Nouvelle romantique</subtitle>
	<isbn>9782335055672</isbn>
	<keywords>[Oscar Wilde,  Albert Savine,  Le Modèle millionnaire,  Ligaran éditions,  ebooks,  nouvelles romantiques,  littérature irlandaise,  classiques,  XIXe siècle,  romances,  histoires d'amour,  mariages,  littérature victorienne,  fictions]</keywords>
	<languageID>2</languageID>
	<createdOn>11.11.2016 10:25:40</createdOn>
	<authors> Gary-Paul Nabhan</authors>
<xml>

<xml>
	<title>Éloge de Molière</title>
	<subtitle></subtitle>
	<isbn>9782335076745</isbn>
	<keywords>[Sébastien-Roch Nicolas de Chamfort,  Éloge de Molière,  Ligaran éditions,  ebooks,  études et essais littéraires,  biographies,  littérature française,  XVIIe siècle,  auteurs,  écrivains,  théâtres]</keywords>
	<languageID>2</languageID>
	<createdOn>11.11.2016 12:35:49</createdOn>
	<authors> Simon-Pierre Lacerte</authors>
<xml>

<xml>
	<title>La Promenade au phare de Virginia Woolf</title>
	<subtitle>Les Fiches de lecture d'Universalis</subtitle>
	<isbn>9782852291577</isbn>
	<keywords>[Virginia Woolf,  La Promenade au phare,  encyclopédie universalis,  littérature,  littéraire classique,  contemporaine,  guide,  auteur,  lecture,  analyse,  critique,  fiche,  résumés,  aide,  études,  œuvre,  scolaires,  parascolaires,  bac de français,  prépa,  enseignants,  repères]</keywords>
	<languageID>2</languageID>
	<createdOn>11.11.2016 13:34:01</createdOn>
	<authors>  lePetitLitteraire</authors>
<xml>

<xml>
	<title>Aux avants-postes</title>
	<subtitle>Comédie en un acte</subtitle>
	<isbn>9782335064728</isbn>
	<keywords>[Georges Hénot,  Aux avants-postes,  Comédie en un acte,  Ligaran éditions,  ebooks,  pièces de théâtre humouristiques,  littérature française,  classiques,  comiques,  burlesques]</keywords>
	<languageID>2</languageID>
	<createdOn>11.11.2016 14:25:08</createdOn>
	<authors> Jules Renard</authors>
<xml>

<xml>
	<title>Summary: Business Plans that Win $$$</title>
	<subtitle>Review and Analysis of Rich and Gumpert's Book</subtitle>
	<isbn>9782806238634</isbn>
	<keywords>[Business Plans That Win,  Summary & Analysis,  Review,  Stanley Rich,  David Gumpert,   effective business plan,  convincing investors,  product & service presentation,  entrepreneurship,  planning process,  management strategy,  money & success,  Must Read Summaries,  ]</keywords>
	<languageID>1</languageID>
	<createdOn>11.11.2016 10:43:43</createdOn>
	<authors> Sophie Lecomte</authors>
<xml>

<xml>
	<title>The Battle of Waterloo </title>
	<subtitle>The Battle That Changed Europe Forever</subtitle>
	<isbn>9782806272898</isbn>
	<keywords>[The Battle of Waterloo,  Napoleon,  analysis,  history & culture,  1815,  Napoleonic Wars,  Duke of Wellington,  European history,  conflict in Europe,  Gebhard Leberecht Blücher,  exile,  abdication,  19th century wars,  expansion,  colonization,  Congress of Vienna,  imperialism,  50Minutes]</keywords>
	<languageID>1</languageID>
	<createdOn>11.11.2016 15:03:53</createdOn>
	<authors> Encyclopaedia Universalis</authors>
<xml>

<xml>
	<title>Summary: Making the Cisco Connection</title>
	<subtitle>Review and Analysis of Bunnell's Book</subtitle>
	<isbn>9782511016077</isbn>
	<keywords>[Making The Cisco Connection,  David Bunnell,  Sandy Lerner,  Len Bosack,  Summary & Analysis,  Review,  Must Read Summaries,  local network system,  innovation,  business success,  technology industry,  strategic planning & maneuvering,  internet,  Silicon Valley,  inspiration & motivation,  CEO,  business plans,  network hardware,  entrepreneurship]</keywords>
	<languageID>1</languageID>
	<createdOn>11.11.2016 12:41:41</createdOn>
	<authors> Elena Pinaud</authors>
<xml>

<xml>
	<title>L'Enfant allemand de Camilla Läckberg (Fiche de lecture)</title>
	<subtitle>Résumé complet et analyse détaillée de l'oeuvre</subtitle>
	<isbn>9782806241368</isbn>
	<keywords>[L'Enfant allemand , Camilla Läckberg , analyse complète de l'oeuvre , résumé détaillé du livre , fiche de lecture , profil littéraire , critique , Littérature , grands classiques , outils pédagogiques , parascolaire , critique littéraire , enseignement , lepetitlitteraire.fr , le petit litteraire]</keywords>
	<languageID>2</languageID>
	<createdOn>11.11.2016 12:09:53</createdOn>
	<authors> Patrice Sopel</authors>
<xml>

<xml>
	<title>Madame Bovary - Gustave Flaubert (Fiche de lecture)</title>
	<subtitle>Analyse complète de l'oeuvre</subtitle>
	<isbn>9782511026236</isbn>
	<keywords>[Fiche de lecture,  Madame Bovary,  Gustave Flaubert,  Flaubert,  résumé,  analyse détaillée,  éducation nationale,  collège,  lycée,  analyse littéraire,  théorie littéraire,  œuvre classique,  roman,  pièce de théâtre,  auteur classique,  référence littéraire,  Emma Bovary,  Charles Bovary ]</keywords>
	<languageID>2</languageID>
	<createdOn>11.11.2016 11:09:43</createdOn>
	<authors> George Sand</authors>
<xml>

<xml>
	<title>Quartett (Heiner Müller - mise en scène Robert Wilson - 2006)</title>
	<subtitle>Les Fiches Spectacle d'Universalis</subtitle>
	<isbn>9782341005395</isbn>
	<keywords>[Quartett (Heiner Müller - mise en scène Robert Wilson - 2006),  Les Fiches Spectacle d'Universalis,  Encyclopaedia Universalis,  ebooks,  encyclopédies,  ouvrages de référence,  articles,  fiches,  spectacles,  théâtre,  mises en scène,  metteurs en scène,  culture,  arts du spectacle,  art dramatique,  guerres,  interprétations,  chorégraphies,  interprétations,  intemporalité]</keywords>
	<languageID>2</languageID>
	<createdOn>06.12.2016 10:25:27</createdOn>
	<authors> Arnaud Sorosina</authors>
<xml>

<xml>
	<title>Pelaio</title>
	<subtitle>Roman maritime - Tome I</subtitle>
	<isbn>9782335068689</isbn>
	<keywords>[Édouard  Corbière,  Pelaio,  Roman maritime - Tome I,  Ligaran éditions,  ebooks,  littérature française,  classiques,  XIXe siècle,  fictions]</keywords>
	<languageID>2</languageID>
	<createdOn>11.11.2016 10:11:46</createdOn>
	<authors>  lePetitLittéraire</authors>
<xml>

<xml>
	<title>Roméo et Juliette de William Shakespeare</title>
	<subtitle>Les Fiches de lecture d'Universalis</subtitle>
	<isbn>9782852293946</isbn>
	<keywords>[William Shakespeare,  Roméo et Juliette,  encyclopédie universalis,  littérature,  littéraire classique,  contemporaine,  guide,  auteur,  lecture,  analyse,  critique,  fiche,  résumés,  aide,  études,  œuvre,  scolaires,  parascolaires,  bac de français,  prépa,  enseignants,  repères]</keywords>
	<languageID>2</languageID>
	<createdOn>11.11.2016 14:07:17</createdOn>
	<authors> Encyclopaedia Universalis</authors>
<xml>

<xml>
	<title>Le Cachemire X. B. T.</title>
	<subtitle>Pièce de théâtre comique</subtitle>
	<isbn>9782335055382</isbn>
	<keywords>[Eugène Labiche,  Le Cachemire X. B. T.,  Ligaran éditions,  ebooks,  pièces de théâtre,  littérature française,  classiques,  XIXe siècle,  comédies,  humour,  comiques]</keywords>
	<languageID>2</languageID>
	<createdOn>11.11.2016 10:20:06</createdOn>
	<authors> Ariane Fornia</authors>
<xml>

<xml>
	<title>La bataille de Marignan</title>
	<subtitle>La conquête du Duché de Milan par François Ier</subtitle>
	<isbn>9782806253941</isbn>
	<keywords>[bataille de marignan résumé,  grandes batailles de l'histoire,  marignan 1515,   stratégies militaires,  champ de bataille,  guerres d'Italie,  république venise,  pape Alexandre VI,  roi François Ier,  sforza,  alviano,  schiner,  armée pontificale,  bataille des géants,  cinquième guerre d'Italie,  états confédérés suisses,  duché de Milan,  royaume de France,  suisses et italiens contre français,  histoire de la bataille de Marignan]</keywords>
	<languageID>2</languageID>
	<createdOn>11.11.2016 14:14:07</createdOn>
	<authors> Joseph Thouvenel</authors>
<xml>

<xml>
	<title>Chez les passants</title>
	<subtitle></subtitle>
	<isbn>9782335028966</isbn>
	<keywords>[Chez les passants,  fantaisies pamphlets et souvenirs,  Auguste de Villiers de l'Isle-Adam,  Ligaran,  recueils posthumes,  nouvelles,  récits,  littérature française,  19e siècle,  XIXe]</keywords>
	<languageID>2</languageID>
	<createdOn>11.11.2016 10:23:27</createdOn>
	<authors> Christian de Maussion</authors>
<xml>

<xml>
	<title>Droit des affaires et sociétés</title>
	<subtitle>Actualités et nouveaux enjeux (Droit belge)</subtitle>
	<isbn>9782874558009</isbn>
	<keywords>[Droit des affaires et sociétés,  Actualités et nouveaux enjeux sur le territoire belge,  Jacques Malherbe (sous la coordination de),  Edouard-Jean Navez,  Belgique,  Anthemis éditions ebooks,  ouvrages pratiques,  guides,  législations européennes,  doctrine,  transfert siège social,  responsabilité sociale,  droit fiscal]</keywords>
	<languageID>2</languageID>
	<createdOn>11.11.2016 12:17:49</createdOn>
	<authors> Guillaume Peris</authors>
<xml>

<xml>
	<title>Kilomètre 7</title>
	<subtitle>Une fable moderne</subtitle>
	<isbn>9782875543073</isbn>
	<keywords>[Kilomètre 7,  Bérengère Deprez,  Éditions Luce Wilquin, collection Sméraldine,  ebooks,  littérature belge, romans, fables, romances, romans d'amour, romans sentimentaux, histoires d'amour, guerres, Orient, romans historiques, passé, mythes, légendes, actualité, occupation, religions]</keywords>
	<languageID>2</languageID>
	<createdOn>20.02.2017 10:48:28</createdOn>
	<authors> Laurence Binon</authors>
<xml>

<xml>
	<title>La Transgression </title>
	<subtitle></subtitle>
	<isbn>9782802739449</isbn>
	<keywords>[La Transgression, Droit, Théorie et philosophie du droit]</keywords>
	<languageID>2</languageID>
	<createdOn>11.11.2016 11:13:05</createdOn>
	<authors>  fichesdelecture.com</authors>
<xml>

<xml>
	<title>Les rues atteNantes</title>
	<subtitle>Roman intimiste</subtitle>
	<isbn>9782367230047</isbn>
	<keywords>[Les rues atteNantes,  Alexandre Feraga,  le texte vivant,  ebooks,  littérature française,  roman intimiste,  romans psychologiques,  romans biographiques,  chroniques personnelles,  récits personnels,  intimités,  secrets,  partages expériences,  découverte soi,  quêtes personnelles,  quêtes identitaires,  vécu personnel,  nantes]</keywords>
	<languageID>2</languageID>
	<createdOn>11.11.2016 13:47:20</createdOn>
	<authors> BusinessNews Publishing</authors>
<xml>

<xml>
	<title>Un mousse de Surcouf</title>
	<subtitle></subtitle>
	<isbn>9782335068801</isbn>
	<keywords>[Pierre Maël,  Un mousse de Surcouf,  Ligaran éditions,  ebooks,  romans d'aventures historiques,  littérature française,  classiques,  XXe siècle,  histoire,  guerres,  militaires,  conflits contre les anglais,  fictions]</keywords>
	<languageID>2</languageID>
	<createdOn>11.11.2016 12:39:07</createdOn>
	<authors> Denis Diderot</authors>
<xml>

<xml>
	<title>Stop Stress</title>
	<subtitle>A new approach to stress and anxiety</subtitle>
	<isbn>9789080248861</isbn>
	<keywords>[Stop Stress,  A new approach to stress and anxiety,  Marcel Verheyen,  ebook,  anxiety issues,  strain,  managing stress,  symptoms,  diseases,  relaxation,  meditation,  panick attacks,  insomnia,  tensions,  eating habits,  healthy life,  nutrition,  natural remedies,  disorders,  coping mechanisms]</keywords>
	<languageID>1</languageID>
	<createdOn>11.11.2016 14:39:38</createdOn>
	<authors> Hippolyte de Villemessant</authors>
<xml>

<xml>
	<title>Les Justes d'Albert Camus (Analyse de l'oeuvre)</title>
	<subtitle>Comprendre la littérature avec lePetitLittéraire.fr</subtitle>
	<isbn>9782806282712</isbn>
	<keywords>[Les Justes,  Albert Camus,  existentialisme,  Littérature,  grands classiques,  outils pédagogiques,  parascolaires,  critiques littéraires,  enseignement,  fiches de lecture,  analyses littéraires,  profils d'une oeuvre,  lepetitlitteraire.fr,  le petit litteraire,  analyses du livre,  résistance,  révolte,  ]</keywords>
	<languageID>2</languageID>
	<createdOn>28.12.2016 11:54:08</createdOn>
	<authors> Encyclopaedia Universalis</authors>
<xml>

<xml>
	<title>Épopée de Gilgamesh (anonyme)</title>
	<subtitle>Les Fiches de Lecture d'Universalis</subtitle>
	<isbn>9782341006040</isbn>
	<keywords>[Épopée de Gilgamesh,  auteur anonyme,  Les Fiches de Lecture d'Universalis,  Encyclopaedia Universalis,  ebooks,  encyclopédies,  ouvrages de référence,  articles,  fiches de lecture,  littérature,  analyses littéraires,  guides,  auteurs,  critiques,  légendes,  histoires,  versions,  variantes,  Antiquité,  Mésopotamie]</keywords>
	<languageID>2</languageID>
	<createdOn>13.01.2017 11:11:16</createdOn>
	<authors>  Kéfer</authors>
<xml>

<xml>
	<title>Métamorphose</title>
	<subtitle>Paroles croisées sur le cancer du sein</subtitle>
	<isbn>9791092429152</isbn>
	<keywords>[Métamorphose,  Paroles croisées sur le cancer du sein,  Françoise Letailleur,  Christine Baraston,  Éditions du 20 décembre,  ebooks,  témoignages,  biographies,  cancer,  cancer du sein,  femmes,  santé,  vivre,  quotidien,  maladies,  diagnostics,  opérations,  mastectomie,  traitements,  chimiothérapie,  amitiés,  radiothérapie,  nutrition,  socio-esthétique,  récidives,  reconstructions,  courage,  patience,  espoirs]</keywords>
	<languageID>2</languageID>
	<createdOn>11.11.2016 14:29:51</createdOn>
	<authors> Guy de Maupassant</authors>
<xml>

<xml>
	<title>Summary: The Strategy Machine</title>
	<subtitle>Review and Analysis of Downes' Book</subtitle>
	<isbn>9782511021897</isbn>
	<keywords>[The Strategy Machine,  Larry Downes,  Summary & Analysis,  Review,  Must Read Summaries,  strategic management,  business success,  information technology & management,  strategy portfolio,  marketplace changes,  sustainable development,  new supply chain]</keywords>
	<languageID>1</languageID>
	<createdOn>11.11.2016 14:45:46</createdOn>
	<authors> Jean Étienne</authors>
<xml>

<xml>
	<title>Beloved de Toni Morrison (Les Fiches de Lecture d'Universalis)</title>
	<subtitle>Les Fiches de Lecture d'Universalis</subtitle>
	<isbn>9782341011211</isbn>
	<keywords>[Beloved de Toni Morrison (Les Fiches de Lecture d'Universalis),  (Les Fiches de Lecture d'Universalis),  Encyclopædia Universalis,  ebooks,  encyclopédie,  Littérature,  littéraire,  guides,  auteurs,  lectures,  analyses,  critiques,  romans de moeurs,  drames,  culpabilité,  rédemptions,  souvenirs,  mémoires,  meurtres,  actes sacrificiels,  biographies,  portraits,  personnages,  intrigues,  explications,  réflexions,  interprétations,  points clés de l'intrigue,  style littéraire,  théories littéraires,  auteurs américains,  littérature américaine,  traductions]</keywords>
	<languageID>2</languageID>
	<createdOn>11.11.2016 12:36:32</createdOn>
	<authors> J.-A. Chandon</authors>
<xml>

<xml>
	<title>Les Cas difficiles</title>
	<subtitle></subtitle>
	<isbn>9782335168938</isbn>
	<keywords>[Les Cas difficiles,  Armand Silvestre,  éditions Ligaran,  ebooks,  littérature,  domaine public,  oeuvres classiques,  oeuvres indisponibles,  romans français,  romans humoristiques,  recueils de nouvelles,  récits courts,  contes,  adultères,  maris,  femmes,  amants,  quiproquos,  mers,  vie quotidienne,  qualités,  défauts]</keywords>
	<languageID>2</languageID>
	<createdOn>11.11.2016 14:23:29</createdOn>
	<authors> Cécile Perrel</authors>
<xml>

<xml>
	<title>L'Arche du Salut</title>
	<subtitle>Épopées cosmiques - Tome IV</subtitle>
	<isbn>9782759901784</isbn>
	<keywords>[L'Arche du Salut,  Épopées cosmiques - Tome 4,  Chérif Arbouz,  Éditions UPblisher,  ebooks,  romans d'anticipation,  science-fiction,  aventures,  espace,  robots,  extraterrestres,  exodes,  futur,  humanité,  quêtes philosophiques,  rencontres,  solutions,  transhumanisme,  unions galactiques,  planètes,  androïdes,  intelligence artificielle,  IA]</keywords>
	<languageID>2</languageID>
	<createdOn>11.11.2016 10:47:51</createdOn>
	<authors> BusinessNews Publishing</authors>
<xml>

<xml>
	<title>Comédies</title>
	<subtitle>La Bigote. Huit jours à la campagne. Le Cousin de Rose, suivies des Propos de théâtre</subtitle>
	<isbn>9782335096774</isbn>
	<keywords>[Comédies,  La Bigote. Huit jours à la campagne. Le Cousin de Rose, suivies des Propos de théâtre,  Jules Renard,  Ligaran ebooks,  œuvres domaine public,  œuvres indisponibles,  littérature,  littérature classique,  19e siècle,  littérature jeunesse,  nouvelles,  fictions,  suspenses,  drames,  ironies,  maltraitances,  enfances,  familles]</keywords>
	<languageID>2</languageID>
	<createdOn>11.11.2016 12:30:17</createdOn>
	<authors> Natacha Cerf</authors>
<xml>

<xml>
	<title>Épisode de l'histoire de Russie</title>
	<subtitle>Les faux Démétrius</subtitle>
	<isbn>9782335076615</isbn>
	<keywords>[Prosper Mérimée,  Épisode de l'histoire de Russie,  Les faux Démétrius,  Ligaran éditions,  ebooks,  essais et ouvrages de références historiques,  historiographie]</keywords>
	<languageID>2</languageID>
	<createdOn>11.11.2016 12:35:46</createdOn>
	<authors> Charles-Pierre Serain</authors>
<xml>

<xml>
	<title>À coups de fusil</title>
	<subtitle></subtitle>
	<isbn>9782335126402</isbn>
	<keywords>[À coups de fusil,  Ernest L'Épine,  Ligaran ebooks,  œuvres domaine public,  œuvres indisponibles,  littérature classique,  littérature française 19e siècle,  nouvelles,  histoires,  courts récits,  lettres,  confidences,  satires,  critiques sociétés,  humours,  comiques,  morales,  romantisme,  fantastique]</keywords>
	<languageID>2</languageID>
	<createdOn>11.11.2016 13:38:17</createdOn>
	<authors> Stanislas-André Steeman</authors>
<xml>

<xml>
	<title>Formation des chaînes de montagnes</title>
	<subtitle>Les Grands Articles d'Universalis</subtitle>
	<isbn>9782341004251</isbn>
	<keywords>[Formation des chaînes de montagnes,  Les Grands Articles d'Universalis,  Encyclopaedia Universalis,  ebooks,  articles,  encyclopédies,  livres illustrés,  géologie,  sciences de la Terre,  montagnes,  relief,  plaques tectoniques,  collisions,  subduction,  obduction,  chaînes intracontinentales,  chaînes composites,  lithosphère,  cycles orogéniques,  formations,  évolutions]</keywords>
	<languageID>2</languageID>
	<createdOn>11.11.2016 14:13:43</createdOn>
	<authors> David Marrani</authors>
<xml>

<xml>
	<title>Une terre pas si sainte</title>
	<subtitle>Sélection Prix Sang pour Sang Polar 2015</subtitle>
	<isbn>9791092016451</isbn>
	<keywords>[Pierre Pouchairet,  Une terre pas si sainte,  Editions Jigal,  ebooks,  romans policiers,  meilleur du polars,  thrillers,  meurtres,  crimes,  criminels, polars,  assassins, mafias,  mystères,  secrets, suspenses,  enquêtes policières,  investigations,  romans noirs, polices judiciaires,  massacres,  tensions religieuses et politiques,  trafics,  réseaux,  réfugiés,  mafias,  Shabak,  Israël,  Palestine,  France,  Cisjordanie, humours,  fictions]</keywords>
	<languageID>2</languageID>
	<createdOn>11.11.2016 11:05:59</createdOn>
	<authors> Kelly Carrein</authors>
<xml>

<xml>
	<title>La sensibilité radiesthésique</title>
	<subtitle>Comment l'acquérir, comment l'augmenter</subtitle>
	<isbn>9782872421299</isbn>
	<keywords>[La ensibilité radiesthésique, comment l'acquérir, comment l'augmenter,  F. et W. Servranx et associés,  radiesthésie, ebooks, Comment l'acquérir, comment l'augmenter, radiesthésistes, pendules, baguettes, instruments de détection, techniques de recherche, essais, initiations, guides pratiques, outils, conseils, exercices, sourciers, résultats, manuels, apprendre, débutants]</keywords>
	<languageID>2</languageID>
	<createdOn>11.11.2016 10:21:18</createdOn>
	<authors> Renée Dunan</authors>
<xml>

<xml>
	<title>Les rois de France</title>
	<subtitle>La monarchie de Hugues Capet à Louis XVI 987 à 1792 - Chronologie</subtitle>
	<isbn>9782842597962</isbn>
	<keywords>[Petit Guide,  Les rois de France,  La monarchie de Hugues Capet à Louis XVI 987 à 1792 - Chronologie,  Aedis éditions,  ebooks,  guides pratiques,  ouvrages de référence,  parascolaires,  éducations,  enseignements,  pédagogies,  didactiques,  dynasties,  histoire française,  rois,  biographies,  Mérovingiens,  Carolingiens,  Capétiens,  Valois,  Bourbons,  Clovis,  Pépin Le Bref,  Charlemagne,  Louis IX,  François Ier,  Henri IV,  Louis XIV]</keywords>
	<languageID>2</languageID>
	<createdOn>11.11.2016 13:42:58</createdOn>
	<authors> Annabelle Léna</authors>
<xml>

<xml>
	<title>Cannibale de Didier Daeninckx (Fiche de lecture)</title>
	<subtitle>Analyse complète de l'oeuvre</subtitle>
	<isbn>9782511026670</isbn>
	<keywords>[Fiche de lecture,  Cannibale,  Didier Daeninckx,  ebooks,  résumé,  analyse complète,  analyse détaillée,  éducation nationale,  collège,  lycée,  analyse littéraire,  théorie littéraire,  œuvre classique,  roman,  auteur classique,  référence littéraire,  critique société,  critique politique,  Nouvelle Calédonie,  esclavage,  morts,  zoo,  crocodiles,  indigènes,  colonies]</keywords>
	<languageID>2</languageID>
	<createdOn>11.11.2016 13:37:48</createdOn>
	<authors> Luc Baba</authors>
<xml>

<xml>
	<title>Une éducation libertine de Jean-Baptiste Del Amo (Fiche de lecture)</title>
	<subtitle>Résumé complet et analyse détaillée de l'oeuvre</subtitle>
	<isbn>9782806278241</isbn>
	<keywords>[Une éducation libertine,  Jean-Baptiste Del Amo,  le petit litteraire,  lePetitLittéraire.fr,  littérature contemporaine,  analyse complète de l’oeuvre,  résumé détaillé du livre,  fiche de lecture,  critique littéraire,  outils pédagogiques,  parascolaire,  analyse du livre,  clés de lecture,  étude des personnages,  littérature française,  prix Goncourt du premier roman,  libertinage,  homosexualité,  ascension sociale,  illusions perdues]</keywords>
	<languageID>2</languageID>
	<createdOn>11.11.2016 14:37:09</createdOn>
	<authors> Joël Roy</authors>
<xml>

<xml>
	<title>L'Homme aux convenances</title>
	<subtitle>Comédie en un acte et en vers</subtitle>
	<isbn>9782335087468</isbn>
	<keywords>[Étienne de Jouy,  L'Homme aux convenances,  Comédie en un acte et en vers,  Ligaran éditions,  ebooks,  pièces de théâtre comiques,  littérature française,  classiques,  XIXe siècle]</keywords>
	<languageID>2</languageID>
	<createdOn>11.11.2016 10:41:52</createdOn>
	<authors> Christelle Mordacq</authors>
<xml>

<xml>
	<title>Je vois le feu</title>
	<subtitle></subtitle>
	<isbn>9782874132131</isbn>
	<keywords>[Jean-Marie Adam,  suspense,  vengeance,  drame,  guerre juifs,  drames historiques,  aventure,  mystère,  passion amoureuse,  histoire d'amour,  guerre 40-45,   campagne,  rural,  ruralité,  terroir,  adolescent,  nature,  pêche,  roman belge,  littérature belge]</keywords>
	<languageID>2</languageID>
	<createdOn>11.11.2016 10:56:29</createdOn>
	<authors>  Ligaran</authors>
<xml>

<xml>
	<title>Summary: Freedom for the Thought That We Hate</title>
	<subtitle>Review and Analysis of Anthony Lewis's Book</subtitle>
	<isbn>9782511000823</isbn>
	<keywords>[Freedom for the Thought That We Hate,  Anthony Lewis,  political,  summary,  freedom,  First Amendment,  freedom of speech,  rights,  freedom of information,  media,  control]</keywords>
	<languageID>1</languageID>
	<createdOn>02.02.2017 08:51:08</createdOn>
	<authors>  Ligaran</authors>
<xml>

<xml>
	<title>Corps et âme</title>
	<subtitle>Analyse complète de l'oeuvre</subtitle>
	<isbn>9782511031940</isbn>
	<keywords>[Frank Conroy,  Corps et âme,  Fichesdelecture.com ebooks,  fiches de lecture,  littérature française,  résumés détaillés,  collèges,  lycées,  références littéraires,  éducation nationale,  théories littéraires,  axes d'analyse,  critiques,  outils pédagogiques,  enseignements,  parascolaires]</keywords>
	<languageID>2</languageID>
	<createdOn>11.11.2016 11:17:29</createdOn>
	<authors> Les Grands Articles</authors>
<xml>

<xml>
	<title>30 Bedtime Stories for September</title>
	<subtitle></subtitle>
	<isbn>9782511030820</isbn>
	<keywords>[30 Bedtime Stories for September,  bedtime stories,  Caramel,  ebooks,  short stories for children,  illustrated books,  illustrations,  youth,  beginner readers,  6-8 years old,  fun stories,  practice reading,  learn how to read,  family,  dreams,  Halloween,  witches,  Indians,  animals,  apples,  cars,  fairies,  snow,  dragons,  Santa Claus,  thief,  robber,  sports,  crepes,  flowers]</keywords>
	<languageID>1</languageID>
	<createdOn>11.11.2016 11:05:03</createdOn>
	<authors> Nathalie Baumhauer</authors>
<xml>

<xml>
	<title>L'Année rustique en Périgord</title>
	<subtitle></subtitle>
	<isbn>9782335168556</isbn>
	<keywords>[L'Année rustique en Périgord,  Eugène Le Roy,  éditions Ligaran,  ebooks,  littérature,  domaine public,  oeuvres classiques,  oeuvres indisponibles,  essais,  calendriers républicains,  calendriers révolutionnaires français,  mois,  germinal,  floréal,  prairial,  messidor,  thermidor,  fructidor,  vendémiaire,  brumaire,  frimaire,  nivôse,  pluviôse,  ventôse,  saisons,  climat]</keywords>
	<languageID>2</languageID>
	<createdOn>11.11.2016 14:30:07</createdOn>
	<authors> Laura Sovy</authors>
<xml>

<xml>
	<title>Summary: The Death and Life of the Great American School System</title>
	<subtitle>Review and Analysis of Diane Ravitch's Book</subtitle>
	<isbn>9782511001943</isbn>
	<keywords>[The Death and Life of the Great American School System,  Diane Ravitch,  political,  summary,  management,  economy,  school system,  education,  american education,  school reforms,  privatization,   ]</keywords>
	<languageID>1</languageID>
	<createdOn>02.02.2017 08:55:18</createdOn>
	<authors> Marine Everard</authors>
<xml>

<xml>
	<title>Bienvenue</title>
	<subtitle>Novella horrifique</subtitle>
	<isbn>9782372240901</isbn>
	<keywords>[Bienvenue,  Davy Artero,  Christophe Gallo,  Éditions des Tourments,  ebooks,  littérature française,  littérature horrifique,  romans d'horreur,  romans fantastiques,  fantasy,  romans courts,  novellas,  épouvante,  situations étranges,  angoisse,  horreur,  terreur,  maisons hantées,  univers sombres,  ambiances oppressantes,  angoisse, séquestrations,  fuites,  questions,  familles,  adoptions,  parents adoptifs]</keywords>
	<languageID>2</languageID>
	<createdOn>04.04.2017 09:30:36</createdOn>
	<authors> BusinessNews Publishing</authors>
<xml>

<xml>
	<title>La tour Eiffel en 1900</title>
	<subtitle></subtitle>
	<isbn>9782335066951</isbn>
	<keywords>[Gustave Eiffel,  La tour Eiffel en 1900,  Ligaran éditions,  ebooks,  ouvrages de références,  essais sur l'architecture,  techniques,  monuments]</keywords>
	<languageID>2</languageID>
	<createdOn>11.11.2016 10:31:33</createdOn>
	<authors> Régine Maire</authors>
<xml>

<xml>
	<title>Genres, Langues et Pouvoirs</title>
	<subtitle>Essai sociolinguistique</subtitle>
	<isbn>9782806611406</isbn>
	<keywords>[Marine Totozani,  genres, langues et pouvoirs,  EME éditions ebooks,  langue ,  linguistique,  sexes,  hiérarchie,  sociolinguistique,  identité,  transgenres,  intersexualité,  sexotypes,  catégorisations]</keywords>
	<languageID>2</languageID>
	<createdOn>11.11.2016 12:11:32</createdOn>
	<authors> Suzanne de Arriba</authors>
<xml>

<xml>
	<title>L'Eclat d'obus</title>
	<subtitle></subtitle>
	<isbn>9782335017137</isbn>
	<keywords>[L'Eclat d'obus,  l'éclat d'obus,  Maurice Leblanc,  Ligaran,  littérature française,  XXe,  roman policier,  première guerre mondiale,  Arsène Lupin]</keywords>
	<languageID>2</languageID>
	<createdOn>11.11.2016 10:48:04</createdOn>
	<authors> BusinessNews Publishing</authors>
<xml>

<xml>
	<title>L'Orient</title>
	<subtitle></subtitle>
	<isbn>9782335067989</isbn>
	<keywords>[Guy de Maupassant,  L'Orient,  Ligaran éditions,  ebooks,  nouvelles,  littérature française,  classiques,  XIXe siècle,  fictions]</keywords>
	<languageID>2</languageID>
	<createdOn>11.11.2016 12:35:40</createdOn>
	<authors> Encyclopaedia Universalis</authors>
<xml>

<xml>
	<title>Summary: Beating the Business Cycle</title>
	<subtitle>Review and Analysis of Achuthan and Banerji's Book</subtitle>
	<isbn>9782806222879</isbn>
	<keywords>[Beating The Business Cycle,  Summary & Analysis,  Review,  Lakshman Achuthan and Anirvan Banerji,  economic forecasting,  Economic Cycle Research Institute,  business predictions & flexibility,  risk assessment,  recessions & recoveries,  economic indicators,  investing & real estate,  Must Read Summary,  ]</keywords>
	<languageID>1</languageID>
	<createdOn>11.11.2016 13:36:45</createdOn>
	<authors>  Kéfer</authors>
<xml>

<xml>
	<title>Les Triomphes de Sherlock Holmes</title>
	<subtitle>Souvenir d'une souris d'hôtel</subtitle>
	<isbn>9782843625527</isbn>
	<keywords>[Les Triomphes de Sherlock Holmes,  Souvenir d'une souris d'hôtel,  Gérard Dôle,  Éditions Terre de brume,  ebooks,  François Ducos,  romans policiers,  mystères,  détectives,  crimes,  Londres,  Angleterre,  histoire,  aventures,  occultes,  surnaturels,  enquêtes policières,  cambrioleurs,  énigmes,  Paris,  France,  époque victorienne,  XIXe]</keywords>
	<languageID>2</languageID>
	<createdOn>11.11.2016 12:05:03</createdOn>
	<authors> Jean Morval</authors>
<xml>

<xml>
	<title>The Pearl by John Steinbeck (Book Analysis)</title>
	<subtitle>Detailed Summary, Analysis and Reading Guide</subtitle>
	<isbn>9782806280374</isbn>
	<keywords>[John Steinbeck,  The Pearl,  BrightSummaries.com,  summary,  book analysis,  reading guides,  study aids,  book notes,  evil,  temptation,  racism,  greed,  colonisation,  family,  jealousy]</keywords>
	<languageID>1</languageID>
	<createdOn>11.11.2016 14:56:10</createdOn>
	<authors> René Laporte</authors>
<xml>

<xml>
	<title>Summary: Another Man's Sombrero</title>
	<subtitle>Review and Analysis of Darrell Ankarlo's Book</subtitle>
	<isbn>9782511000120</isbn>
	<keywords>[Darrell Ankarlo,  political,  summary,  illegal immigration,  immigration,  Mexico,  America,  perspectives,  controversy,  ]</keywords>
	<languageID>1</languageID>
	<createdOn>02.02.2017 08:54:04</createdOn>
	<authors> Les Grands Articles</authors>
<xml>

<xml>
	<title>La familia de Pascual Duarte de Camilo José Cela (Guía de lectura)</title>
	<subtitle>Resumen y análisis completo</subtitle>
	<isbn>9782806289384</isbn>
	<keywords>[Camilo José Cela,  La familia de Pascual Duarte,  ResumenExpress,  guía de lectura,  análisis del libro,  literatura rápida,  ficción contemporánea,  siglo XX,  España rural,  memorias,  asesino,  odio,  violencia,  determinismo,  censura y catarsis]</keywords>
	<languageID>3</languageID>
	<createdOn>12.12.2016 14:22:24</createdOn>
	<authors> Régine Maire</authors>
<xml>

<xml>
	<title>L'Héritage</title>
	<subtitle>Nouvelle</subtitle>
	<isbn>9782335087000</isbn>
	<keywords>[Guy de Maupassant,  L'Héritage,  Ligaran éditions,  ebooks,  nouvelles,  littérature française,  classiques,  XIXe siècle,  mariages arrangés,  testaments,  fortunes,  stérilité,  mariages,  relations extra-conjugales,  grossesses,  familles,  enfants,  satires,  fictions]</keywords>
	<languageID>2</languageID>
	<createdOn>11.11.2016 10:48:10</createdOn>
	<authors> Jules Bloseur</authors>
<xml>

<xml>
	<title>Le Bal d'Irène Némirovsky (Analyse de l'oeuvre)</title>
	<subtitle>Comprendre la littérature avec lePetitLittéraire.fr</subtitle>
	<isbn>9782806292803</isbn>
	<keywords>[Le Bal,  Irène Némirovski,  Littérature,  grands classiques,  outils pédagogiques,  parascolaire,  critiques littéraires,  enseignement,  fiches de lecture,  analyses littéraires,  profil d'une oeuvre,  lepetitlitteraire.fr,  le petit litteraire,  analyses du livre]</keywords>
	<languageID>2</languageID>
	<createdOn>23.02.2017 12:09:19</createdOn>
	<authors> Ponson du Terrail</authors>
<xml>

<xml>
	<title>Saca partido de la inteligencia emocional</title>
	<subtitle>Los secretos para ser el dueño de tus emociones</subtitle>
	<isbn>9782806277596</isbn>
	<keywords>[Saca partido de la inteligencia emocional,  Los secretos para ser el dueño de tus emociones,  en50Minutos.es,  en 50 minutos,  coaching,  cómo desarrollar la inteligencia emocional,  desarrollo personal,  éxito,  emociones,  competencias emocionales,  gestión del estrés,  evolución,  competencias,  crítica constructiva,  automotivación,  influencia,  liderazgo,  gestionar las emociones,  ]</keywords>
	<languageID>3</languageID>
	<createdOn>11.11.2016 10:38:14</createdOn>
	<authors> Emily Chain</authors>
<xml>

<xml>
	<title>La rémunération du dirigeant d'entreprise</title>
	<subtitle>Aspects sociaux et fiscaux (Belgique)</subtitle>
	<isbn>9782874557811</isbn>
	<keywords>[Collectif,  La rémunération du dirigeant d'entreprise,  Aspects sociaux et fiscaux,  Les ateliers des FUCaM,  Anthemis éditions,  ebooks,  ouvrages de référence,  guides pratiques,  Belgique,  droit belge,  fiscalité,  aspects fiscaux,  monde du travail,  couvertures sociales,  assurances,  cotisations,  statuts,  salaires,  conditions salariales,  investissements,  immobiliers,  consultants,  banquiers]</keywords>
	<languageID>2</languageID>
	<createdOn>11.11.2016 12:48:29</createdOn>
	<authors> Agnès de la Bourdonnaye</authors>
<xml>

<xml>
	<title>The Battle of Britain</title>
	<subtitle>Britain’s Strong Victory Against Nazi Germany</subtitle>
	<isbn>9782806279170</isbn>
	<keywords>[Battle of Britain,  Hitler,  50minutes.com,  Second World War,  Winston Churchill,  Neville Chamberlain,  air combat,  the Blitz,  bombings,  Luftwaffe,  RAF,  Nazi Germany,  the Third Reich,  Operation Sea Lion,  Hermann Goering,  Hugh Dowding,  ]</keywords>
	<languageID>1</languageID>
	<createdOn>31.01.2017 10:06:28</createdOn>
	<authors> Sylvain Romieu</authors>
<xml>

<xml>
	<title>Le Cid by Pierre Corneille (Book Analysis)</title>
	<subtitle>Detailed Summary, Analysis and Reading Guide</subtitle>
	<isbn>9782806270559</isbn>
	<keywords>[Pierre Corneille,  Le Cid,  BrightSummaries.com,  summary,  book analysis,  reading guides,  study aids,  book notes,  French classics,  classical drama,  17th century literature,  love,  honor & duty,  marriage,  duel,  death,  revenge,  ]</keywords>
	<languageID>1</languageID>
	<createdOn>11.11.2016 12:44:02</createdOn>
	<authors> Marie Mahon</authors>
<xml>

<xml>
	<title>Markus Lüpertz. Une rétrospective (Paris - 2015)</title>
	<subtitle>Les Fiches Exposition d'Universalis</subtitle>
	<isbn>9782341011297</isbn>
	<keywords>[Markus Lüpertz. Une rétrospective (Paris - 2015),  Les Fiches Exposition d'Universalis,  Encyclopaedia Universalis,  ebooks,  encyclopédies,  articles,  critiques d'art,  expositions temporaires,  musées,  musée d’Art moderne de la Ville de Paris,  expositions éphémères,  peinture,  peintres,  sculpture,  artistes allemands,  dessins,  néo-expressionnisme,  arts décoratifs,  théâtre,  lyrisme]</keywords>
	<languageID>2</languageID>
	<createdOn>11.11.2016 13:38:12</createdOn>
	<authors> Derek Blyth</authors>
<xml>

<xml>
	<title>Overloaded</title>
	<subtitle>Nouvelles autobiographiques</subtitle>
	<isbn>9782875860170</isbn>
	<keywords>[Michel Vanvaerenbergh,  Overloaded,  Paroles aériennes,  Ker éditions,  ebooks,  nouvelles,  récits,  autobiographies,  pilotes,  mésaventures,  chances,  anecdotes,  souvenirs,  Belgique,  20e siècle,  difficultés,  obstacles]</keywords>
	<languageID>2</languageID>
	<createdOn>11.11.2016 10:41:59</createdOn>
	<authors> BusinessNews Publishing</authors>
<xml>

Numarul cartilor : 98