<xml>
	<title>Voyages littéraires sur les quais de Paris</title>
	<subtitle>Lettres à un bibliophile de province ; suivies de Mélanges tirés de quelques bouquins de la boîte à quatre sols</subtitle>
	<isbn>9782335150711</isbn>
	<keywords>[Voyages littéraires sur les quais de Paris, Lettres à un bibliophile de province ,  suivies de Mélanges tirés de quelques bouquins de la boîte à quatre sols, Adolphe de Fontaine de Resbecq, Éditions Ligaran, ebooks, domaine public, romans épistolaires, romans,  lettres,  amitiés,  correspondances, voyages, littérature française,  quais,  Paris]</keywords>
	<languageID>2</languageID>
	<createdOn>11.11.2016 13:58:58</createdOn>
	<authors> Arnould Galopin</authors>
<xml>

<xml>
	<title>Inteligencia emocional</title>
	<subtitle>Una guía útil para mejorar tu vida</subtitle>
	<isbn>9788416669561</isbn>
	<keywords>[Inteligencia Emocional,  Una guía útil para mejorar tu vida,  Marta Guerri,  Mestas Ediciones,  ebooks,  guías,  libros prácticos,  trucos faciles,  metodos,  ejemplos,  consejos, automotivaciones,  emociones,  sentimientos, voluntades, mentales, adaptaciones, ambiciones,  responsabilidades, estilos de vida,  personalidades,  estrés, trabajos, carvolontcteres,  bienestar, filosofias de vidas, cambios, feliz, felicidades]</keywords>
	<languageID>3</languageID>
	<createdOn>11.11.2016 13:42:54</createdOn>
	<authors> Hippolyte de Villemessant</authors>
<xml>

<xml>
	<title>Vitamines et santé</title>
	<subtitle>Adoptez un régime alimentaire sain et plein de vitalité !</subtitle>
	<isbn>9782842598174</isbn>
	<keywords>[Petit Guide,  Vitamines et santé,  Aedis éditions,  ebooks,  guides pratiques,  ouvrages de référence,  bien-être,  médecines,  régimes alimentaires,  nutritions,  organismes,  vitalité,  alimentations,  A,  B1,  B2,  B3,  B5,  B6,  B8,  B9,  B12,  C,  D,  E,  K,  rétinol,  thiamine,  riboflavine,  niacine,  acide pantothénique,  pyridoxine,  biotine,  acide folique,  colobamine,  acide ascorbique,  calciférol,  tocophérols,  tocotriénols,  phylloquinone,  ménaquinones,  bêta-carotène]</keywords>
	<languageID>2</languageID>
	<createdOn>11.11.2016 11:20:04</createdOn>
	<authors> Julénia Mont-Erarg Alidor</authors>
<xml>

<xml>
	<title>Summary: The Wellness Revolution</title>
	<subtitle>Review and Analysis of Pilzer's Book</subtitle>
	<isbn>9782511021941</isbn>
	<keywords>[The Wellness Revolution,  Paul Pilzer,  Summary & Analysis,  Review,  Must Read Summaries,  business success & money,  growing industry,  investment opportunity,  entrepreneurship,  distribution,  sports & entertainment,  health advice,  management & strategy]</keywords>
	<languageID>1</languageID>
	<createdOn>11.11.2016 14:45:57</createdOn>
	<authors> Karim Kaddour</authors>
<xml>

<xml>
	<title>Bois</title>
	<subtitle>Les Grands Articles d'Universalis</subtitle>
	<isbn>9782341002998</isbn>
	<keywords>[Bois,  Les Grands Articles d'Universalis,  Encyclopaedia Universalis,  ebooks,  articles,  encyclopédies,  livres illustrés,  biologie,  écologie,  botanique,  végétaux,  plantes,  sève,  arbres,  troncs,  écorces,  identifications,  compositions,  composants,  caractéristiques,  assemblages,  traitements,  usages,  utilisations]</keywords>
	<languageID>2</languageID>
	<createdOn>11.11.2016 14:51:59</createdOn>
	<authors> Veronica Podesta</authors>
<xml>

<xml>
	<title>Le Bal d'Irène Némirovsky (Fiche de lecture)</title>
	<subtitle>Analyse complète de l'oeuvre</subtitle>
	<isbn>9782511027608</isbn>
	<keywords>[Fiche de lecture,  Le Bal,  Irène Némirovsky,  résumé,  analyse complète,  analyse détaillée,  éducation nationale,  collège,  lycée,  analyse littéraire,  théorie littéraire,  œuvre classique,  roman,  pièce de théâtre,  auteur classique,  référence littéraire]</keywords>
	<languageID>2</languageID>
	<createdOn>11.11.2016 10:49:52</createdOn>
	<authors>  Ligaran</authors>
<xml>

<xml>
	<title>Rochers de lettrés. Itinéraires de l'art en Chine (Paris-2012)</title>
	<subtitle>Les Fiches Exposition d'Universalis</subtitle>
	<isbn>9782341010351</isbn>
	<keywords>[Rochers de lettrés. Itinéraires de l'art en Chine (Paris-2012),  Les Fiches Exposition d'Universalis,  Encyclopaedia Universalis,  ebooks,  encyclopédies,  articles,  critiques d'art,  expositions temporaires,  musées,  musée Guimet,  expositions éphémères,  art chinois,  objets,  intellectuels chinois,  pierres,  civilisation chinoise,  culture ancienne,  mouvements,  courbes,  contemplation]</keywords>
	<languageID>2</languageID>
	<createdOn>11.11.2016 14:54:22</createdOn>
	<authors> Jérémy Bouquin</authors>
<xml>

<xml>
	<title>Un mousse de Surcouf</title>
	<subtitle></subtitle>
	<isbn>9782335068801</isbn>
	<keywords>[Pierre Maël,  Un mousse de Surcouf,  Ligaran éditions,  ebooks,  romans d'aventures historiques,  littérature française,  classiques,  XXe siècle,  histoire,  guerres,  militaires,  conflits contre les anglais,  fictions]</keywords>
	<languageID>2</languageID>
	<createdOn>11.11.2016 12:39:07</createdOn>
	<authors> Denis Diderot</authors>
<xml>

<xml>
	<title>L'art cinétique</title>
	<subtitle>Les Dossiers d'Universalis</subtitle>
	<isbn>9782341002219</isbn>
	<keywords>[L'art cinétique,  Encyclopédie Universalis,  op art,  art luminocinétique,  cybernétiques,  art optique,  arts années 1960,  non-art,  illusions d’optique,  moirages,  effets de moiré,  dissolutions formes,  dématérialisations objets,  installations,  mouvements,  le GRAV,  agam,  vasarély,  métaux]</keywords>
	<languageID>2</languageID>
	<createdOn>11.11.2016 11:51:26</createdOn>
	<authors>  Ligaran</authors>
<xml>

<xml>
	<title>L’anglais</title>
	<subtitle>L'essentiel</subtitle>
	<isbn>9782842597979</isbn>
	<keywords>[Petit Guide,  L’anglais,  L'essentiel,  Aedis éditions,  ebooks,  guides pratiques,  ouvrages de référence,  parascolaires,  éducations,  enseignements,  pédagogies,  didactiques,  langues étrangères,  règles linguistiques,  verbes irréguliers,  conjugaisons,  grammaires,  auxiliaires modaux,  faux-amis,  to be,  to have,  must,  may,  can,  will,  shall,  verbes à particules]</keywords>
	<languageID>2</languageID>
	<createdOn>11.11.2016 11:22:23</createdOn>
	<authors>  Johann Moulin</authors>
<xml>

<xml>
	<title>Je m'accuse...</title>
	<subtitle></subtitle>
	<isbn>9782335167061</isbn>
	<keywords>[Je m'accuse...,  Léon Bloy,  éditions Ligaran,  ebooks,  littérature,  domaine public,  oeuvres classiques,  oeuvres indisponibles,  essais,  réponses,  critiques,  pamphlets,  méditations,  livres illustrés,  affaire Dreyfus,  politique française,  J'accuse,  Emile Zola,  réflexions,  attaques]</keywords>
	<languageID>2</languageID>
	<createdOn>11.11.2016 14:42:41</createdOn>
	<authors> Désirée Royale</authors>
<xml>

<xml>
	<title>Summary: Indivisible</title>
	<subtitle>Review and Analysis of Martha Zoller's Book</subtitle>
	<isbn>9782511001004</isbn>
	<keywords>[Indivisible,  Martha Zoller,  political,  summary,  uniting values,  conservative,  opinion,  party politics,  media,  ideology]</keywords>
	<languageID>1</languageID>
	<createdOn>02.02.2017 08:54:14</createdOn>
	<authors>  lePetitLitteraire</authors>
<xml>

<xml>
	<title>Imitation</title>
	<subtitle>Les Grands Articles d'Universalis</subtitle>
	<isbn>9782341007337</isbn>
	<keywords>[Imitation,  Encyclopaedia Universalis,  Les Grands Articles d'Universalis,  ebooks,  encyclopédies,  articles,  ouvrages de référence,  livres illustrés,  mouvements artistiques,  dada,  avants-gardes,  tableaux-manifestes,  poèmes-manifestes,  poèmes simultanés,  collages,  photomontages,  arts,  littérature,  figuration,  abstraction]</keywords>
	<languageID>2</languageID>
	<createdOn>13.02.2017 14:39:22</createdOn>
	<authors> Hugo Buan</authors>
<xml>

<xml>
	<title>Les Beaux Sentiments</title>
	<subtitle>Le récit de vie d'un enseignant</subtitle>
	<isbn>9782882413420</isbn>
	<keywords>[Les Beaux Sentiments,  Jacques-Étienne Bovard,  Bernard Campiche Éditeur,  ebooks,  romans de mœurs,  romans psychologique,  suicide,  jeunesse,  éducations,  problèmes,  maltraitances,  enseignements,  quêtes identitaires,  convictions,  combats,  idées,  professeurs,  existence,  prise de conscience,  léthargie,  activisme,  volonté,  ambition,  changements,  investissements,  évolutions,  élévations,  rencontres,  amours,  amitiés,  sentiements,  littérature générale,  littérature francophone]</keywords>
	<languageID>2</languageID>
	<createdOn>11.11.2016 11:37:37</createdOn>
	<authors> Christian de Maussion</authors>
<xml>

<xml>
	<title>Médecins méconnus, Hommes célèbres</title>
	<subtitle>Médecine au quotidien</subtitle>
	<isbn>9782806627681</isbn>
	<keywords>[Robert Askenasi,  Médecins méconnus, Hommes célèbres,  Médecine au quotidien,  EME éditions,  ebooks,  publications universitaires,  ouvrages de références sur les sciences médicales,  histoire de la médecine,  biographies historiques,  sciences appliquées,  techniques,  Locke,  Clemenceau,  Marat,  Borodine,  Breton]</keywords>
	<languageID>2</languageID>
	<createdOn>11.11.2016 12:42:09</createdOn>
	<authors> Claire Cornillon</authors>
<xml>

<xml>
	<title>The Fun Street Friends and the Cardboard Box</title>
	<subtitle>Kids Books</subtitle>
	<isbn>9782511023440</isbn>
	<keywords>[The Fun Street Friends and the Cardboard Box,  Simon Abbott,  The Fun Street Friends volume 3,  Caramel Editions,  ebooks,  short stories for children,  short stories,  book for children,  beginning reader,  young reader,  children,  youth,  illustrations,  illustrated books,  illustrated stories,  learn how to read,  boredom,  games,  bad weather,  boxes,  imagination,  crafting,  spaceships,  ships,  boats,  camping,  animals,  ghosts,  discovery,  forests,  airplanes,  research,  beds,  nests,  naps,  friends,  amusement]</keywords>
	<languageID>1</languageID>
	<createdOn>11.11.2016 11:56:42</createdOn>
	<authors> F.B Charpentier</authors>
<xml>

<xml>
	<title>Les plus célèbres navires de l'Histoire</title>
	<subtitle>Essai historique</subtitle>
	<isbn>9782390091073</isbn>
	<keywords>[Les plus célèbres navires de l'Histoire,  Mathilde de Jamblinne,  Éditions La Boîte à Pandore,  collection Les PLUS,  ebooks,  essais historiques,  livres illustrés,  illustrations,  bateaux,  navires,  vaisseaux,  naufrages,  mers,  Histoire,  marins,  Titanic,  océans,  Bounty,  Potemkine,  arche de Noé,  Nautilus,  mutineries,  navigation]</keywords>
	<languageID>2</languageID>
	<createdOn>07.03.2017 10:02:48</createdOn>
	<authors> Frédérique Trigodet</authors>
<xml>

<xml>
	<title>La rencontre</title>
	<subtitle>Un petit livre pour apprendre à lire</subtitle>
	<isbn>9782511023389</isbn>
	<keywords>[La rencontre,  Simon Abbott,  Les petits filous tome 1,  Éditions Caramel,  ebooks,  littérature jeunesse,  histoires jeunesse,  jeunes lecteurs,  apprendre à lire,  petits livres,  livres illustrés,  illustrations,  lectures pour petits,  première rencontre,  points communs,  adoptions,  animaux,  amitiés,  aventures]</keywords>
	<languageID>2</languageID>
	<createdOn>11.11.2016 11:24:56</createdOn>
	<authors> Lisa Guimard</authors>
<xml>

<xml>
	<title>Dictionnaire du Moyen Âge, littérature et philosophie</title>
	<subtitle>Les Dictionnaires d'Universalis</subtitle>
	<isbn>9782852291386</isbn>
	<keywords>[Dictionnaire du Moyen Âge, littérature et philosophie,  Encyclopédie Universalis,  philosophies,  théologies,  littératures,  hommes,  idées,  auteurs,  moyen âge,  judaïsme,  islam,  chrétienté,  Occident,  écrivains,  poètes,  Dante,  chansons de geste,  Roman de la Rose,  Lancelot]</keywords>
	<languageID>2</languageID>
	<createdOn>11.11.2016 12:14:11</createdOn>
	<authors> Marie-Sophie Wauquez</authors>
<xml>

<xml>
	<title>Charmes</title>
	<subtitle>Saga fantastique</subtitle>
	<isbn>9791090635449</isbn>
	<keywords>[Charmes,  Le Monde des Aveugles,  Tome 1,  Imaine Soudani,  Editions Noir au blanc,  ebooks,  romans fantastiques,  romans fantasy,  romances,  romans sentimentaux,  romans d'aventures,  bit-lit,  sagas,  séries,  pouvoirs surnaturels,  amour,  créatures mystérieuses,  ténèbres,  mystères,  guerres,  lumières,  histoires d'amour,  équilibres]</keywords>
	<languageID>2</languageID>
	<createdOn>05.04.2017 08:39:08</createdOn>
	<authors> Éléonore Quinaux</authors>
<xml>

<xml>
	<title>Cap sur la gouvernance des PME</title>
	<subtitle>Guide (Droit belge)</subtitle>
	<isbn>9782874557828</isbn>
	<keywords>[Cap sur la gouvernance des PME,  Guide,  conformité droit belge,  Belgique,  Sibylle du Bus de Warnaffe,  Lutgart Van den Berghe,  Belgique,  Anthemis éditions ebooks,  ouvrages pratiques,  guides,  législations,  petites et moyennes entreprises,  entrepreneurs,  conseils]</keywords>
	<languageID>2</languageID>
	<createdOn>11.11.2016 12:09:04</createdOn>
	<authors> Laurence Binon</authors>
<xml>

<xml>
	<title>Chris Neurosis</title>
	<subtitle>ou la loi du paraître</subtitle>
	<isbn>9782876835375</isbn>
	<keywords>[Chris Neurosis,  Narkis,  Éditions La Compagnie Littéraire,  ebooks,  romans psychologique,  témoignages,  récits de vie,  dépressions,  anorexie,  maladies mentales,  médicaments,  paraître,  beauté,  chirurgie esthétique,  relations familiales,  grossesse précoce,  déni de parentalité,  enfant,  tristesse,  incompréhensions,  triangle amoureux,  littérature générale]</keywords>
	<languageID>2</languageID>
	<createdOn>11.11.2016 12:14:45</createdOn>
	<authors> Guy de Maupassant</authors>
<xml>

<xml>
	<title>Réfutation de l'Islam</title>
	<subtitle>Essai religieux</subtitle>
	<isbn>9782806608796</isbn>
	<keywords>[Guy Rotsaert,  Réfutation de l'Islam,  Essais religieux,  EME éditions,  ebooks,  publications universitaires,  ouvrages de références,  essais sur les religions,  théologie,  monothéisme,  doctrines et théories religieuses,  dogmes religieux,  musulmans,  Mahomet,  Coran]</keywords>
	<languageID>2</languageID>
	<createdOn>11.11.2016 12:42:38</createdOn>
	<authors> Stéphane Nançoz</authors>
<xml>

<xml>
	<title>Poésies de Stéphane Mallarmé</title>
	<subtitle>Les Fiches de lecture d'Universalis</subtitle>
	<isbn>9782852291898</isbn>
	<keywords>[Stéphane Mallarmé,  Poésies,  encyclopédie universalis,  littérature,  littéraire classique,  contemporaine,  guide,  auteur,  lecture,  analyse,  critique,  fiche,  résumés,  aide,  études,  œuvre,  scolaires,  parascolaires,  bac de français,  prépa,  enseignants,  repères]</keywords>
	<languageID>2</languageID>
	<createdOn>11.11.2016 10:11:08</createdOn>
	<authors> Charles Richet</authors>
<xml>

<xml>
	<title>Summary: Ben & Jerry's: The Inside Scoop</title>
	<subtitle>Review and Analysis of Lager's Book</subtitle>
	<isbn>9782806222817</isbn>
	<keywords>[Ben & Jerry's: The Inside Scoop,  Summary & Analysis,  Review,  Fred "Chico" Lager,  company success story,  successful businessmen,  business ethics & social conscience,  company growth,  business innovation,  market leadership,  humor,  ice cream,  Must Read Summaries,  ]</keywords>
	<languageID>1</languageID>
	<createdOn>11.11.2016 13:57:15</createdOn>
	<authors> Juan Antonio Guerrero Cañongo</authors>
<xml>

<xml>
	<title>Loin de Paddington street</title>
	<subtitle>Un roman court</subtitle>
	<isbn>9782359625929</isbn>
	<keywords>[Loin de Paddington street,  Frédéric Bessat,  Editions Ex Aequo,  collection Atlantéïs,  ebooks,  romans humoristiques,  récits,  romans historiques,  romans absurdes,  nonsense,  humour britannique,  séries,  sagas,  époque victorienne,  flegme,  suspense,  intrigues,  tribus,  amitiés,  Guinée-Équatoriale,  recherches,  dangers,  coutumes]</keywords>
	<languageID>2</languageID>
	<createdOn>20.02.2017 08:36:46</createdOn>
	<authors>  50Minutes</authors>
<xml>

<xml>
	<title>François le Champi</title>
	<subtitle></subtitle>
	<isbn>9782335012460</isbn>
	<keywords>[George Sand,  François le Champi,  Ligaran,  romans romantiques,  romans champêtres,  littérature française,  XIXe siècle,  19e,  Zabelle]</keywords>
	<languageID>2</languageID>
	<createdOn>11.11.2016 11:38:45</createdOn>
	<authors> Jeff Keustermans</authors>
<xml>

<xml>
	<title>Leif Erikson </title>
	<subtitle>El descubrimiento de América</subtitle>
	<isbn>9782806277824</isbn>
	<keywords>[Leif Erikson y el descubrimiento de América,  en50Minutos.es,  en 50 minutos,  año 970,  Edad Media,  siglo X,  Groenlandia,  Islandia,  Vinland,  vikingos,  exploraciones,  descubrimientos,  colonias,  Labrador,  Terranova,  explorador,  riquezas,  Erik el Rojo]</keywords>
	<languageID>3</languageID>
	<createdOn>11.11.2016 13:23:02</createdOn>
	<authors>  50Minutes</authors>
<xml>

<xml>
	<title>Summary: America Between the Wars</title>
	<subtitle>Review and Analysis of Derek Chollet and James Goldgeier's Book</subtitle>
	<isbn>9782511003121</isbn>
	<keywords>[America Between the Wars,  Derek Chollet,  James Goldgeier,  political,  summary,  economics,  9/11,  war on terror,  Cold War,  Berlin Wall,  superpower,  foreign policy,  political oversight]</keywords>
	<languageID>1</languageID>
	<createdOn>02.02.2017 08:51:56</createdOn>
	<authors> Denis Diderot</authors>
<xml>

<xml>
	<title>Le Bois de Boulogne</title>
	<subtitle>Paris ou le Livre des cent-et-un</subtitle>
	<isbn>9782335077728</isbn>
	<keywords>[Amédée Gratiot,  Le Bois de Boulogne,  Paris ou le Livre des cent-et-un,  Ligaran éditions,  ebooks,  nouvelles,  littérature française,  classiques,  XIXe siècle,  carnets et récits de voyages,  fictions]</keywords>
	<languageID>2</languageID>
	<createdOn>11.11.2016 14:29:04</createdOn>
	<authors>  Ligaran</authors>
<xml>

<xml>
	<title>De la barbarie de ce temps</title>
	<subtitle>Paris ou le Livre des cent-et-un</subtitle>
	<isbn>9782335077568</isbn>
	<keywords>[Etienne-Jean Delécluze,  De la barbarie de ce temps,  Paris ou le Livre des cent-et-un,  Ligaran éditions,  ebooks,  nouvelles,  littérature française,  classiques,  XIXe siècle,  fictions]</keywords>
	<languageID>2</languageID>
	<createdOn>11.11.2016 12:45:26</createdOn>
	<authors> Philip Kotler</authors>
<xml>

<xml>
	<title>Entre les murs de Laurent Cantet</title>
	<subtitle>Les Fiches Cinéma d'Universalis</subtitle>
	<isbn>9782341007894</isbn>
	<keywords>[Entre les murs de Laurent Cantet,  fiches cinéma,  Encyclopaedia Universalis,  ebooks,  cinéma,  film français,  drame,  comédie dramatique,  classe de 4e,  Paris,  20e arrondissement,  classe difficile,  professeur de français,  pédagogie marginale,  objectifs,  résultats,  affections,  relations humaines,  Festival de Cannes,  Palme d'Or,  Césars,  François Bégaudeau,  Burak Ozyilmaz,  acteurs,  actrices,  cinéastes,  réalisateurs,  auteurs,  metteurs en scène,  scénaristes,  cinématographie]</keywords>
	<languageID>2</languageID>
	<createdOn>11.11.2016 14:32:27</createdOn>
	<authors> Marie Geredakis</authors>
<xml>

<xml>
	<title>Summary: Full Engagement!</title>
	<subtitle>Review and Analysis of Tracy's Book</subtitle>
	<isbn>9782511020630</isbn>
	<keywords>[Full Engagement!,  Brian Tracy,  Summary & Analysis,  Review,  Must Read Summaries,  human resources & personnel management,  human capital,  business success,  productivity & performance,  energy & enthusiasm,  motivating & inspiring employees,  corporate culture,  leadership]</keywords>
	<languageID>1</languageID>
	<createdOn>11.11.2016 12:31:42</createdOn>
	<authors> Hadrien Seret</authors>
<xml>

<xml>
	<title>Le Cid - Acte I, scène 7 - Pierre Corneille (Commentaire de texte)</title>
	<subtitle>Document rédigé par Claire Cornillon</subtitle>
	<isbn>9782806233318</isbn>
	<keywords>[Cid,  Corneille, pièces de théâtre, commentaires littéraires,  littérature XVIIe siècle, littératures françaises,  Chimène, analyses Corneille,  grands classiques,  outils pédagogiques, parascolaires, critiques littéraires, enseignements, fiches de lectures, analyses littéraires, profils d'une oeuvre,  lepetitlitteraire.fr,  le petit litteraire]</keywords>
	<languageID>2</languageID>
	<createdOn>11.11.2016 10:44:32</createdOn>
	<authors> Noir de suiTe</authors>
<xml>

<xml>
	<title>Luxure et gourmandise</title>
	<subtitle>En quête du bonheur</subtitle>
	<isbn>9791023600919</isbn>
	<keywords>[Luxure et gourmandise,  Kristeen Small,  Publishroom éditions,  romans sentimentaux,  littérature française,  littérature générale,  amours,  romances,  souvenirs,  biographies,  solitude,  idéal,  bonheur,  nourriture,  sexe,  quête de soi,  identité,  témoignages,  séductions,  compensations,  manques affectifs,  tentatives,  confiance en soi,  alimentation compulsive,  désir de plaire]</keywords>
	<languageID>2</languageID>
	<createdOn>11.11.2016 11:16:15</createdOn>
	<authors> Hubert Viteux</authors>
<xml>

<xml>
	<title>Oxygène ou les chemins de Mortmandie</title>
	<subtitle>Roman d'aventures</subtitle>
	<isbn>9782874892301</isbn>
	<keywords>[André-Marcel Adamek,  Oxygène ou les chemins de Mortmandie,  Plumes du coq,  Weyrich édition,  ebooks,  romans d'aventures,  littérature belge francophone contemporaine,  XXe siècle,  prisons,  prisonniers,  détenus,  visites,  mystères,  fictions psychologiques]</keywords>
	<languageID>2</languageID>
	<createdOn>11.11.2016 10:47:38</createdOn>
	<authors> Les Grands Articles</authors>
<xml>

<xml>
	<title>Vivre avec Alzheimer </title>
	<subtitle>Comprendre la maladie au quotidien</subtitle>
	<isbn>9782804701741</isbn>
	<keywords>[Valentine Charlot,  Vivre avec Alzheimer,  Comprendre la maladie au quotidien,  Editions Mardaga, collection Santé en soi, ebooks, ouvrages de référence,  santé mentale,  neuropsychologie,  cognition,  pathologies cognitives,  symptômes,  personnes âgées,  gérontologie,  traitements psychologiques et pharmacologiques,  témoignages,  mémoires,  repères, médecine, gériatrie, démences]</keywords>
	<languageID>2</languageID>
	<createdOn>11.11.2016 13:40:38</createdOn>
	<authors> Alice Leveneur</authors>
<xml>

<xml>
	<title>L'île au trésor</title>
	<subtitle></subtitle>
	<isbn>9782806232182</isbn>
	<keywords>[littérature,  classiques littéraires,  grands classiques,  littérature anglaise,  roman d'aventures,  l'ile au trésors,  stevenson]</keywords>
	<languageID>2</languageID>
	<createdOn>11.11.2016 10:42:45</createdOn>
	<authors> Lord Byron</authors>
<xml>

<xml>
	<title>Le droit au mensonge</title>
	<subtitle></subtitle>
	<isbn>9782804498900</isbn>
	<keywords>[mensonge, liberté d’expression, faux, escroquerie, imposture]</keywords>
	<languageID>2</languageID>
	<createdOn>06.04.2017 08:42:37</createdOn>
	<authors>  Collectif</authors>
<xml>

<xml>
	<title>La neige venait de l’ouest</title>
	<subtitle>Le Duigou et Bozzi- Tome 1</subtitle>
	<isbn>9782372602037</isbn>
	<keywords>[La neige venait de l’ouest, Le Duigou et Bozzi, tome 1,  Firmin Le Bourhis,  Éditions du Palémon,  romans policiers,  thrillers,  suspense,  romans psychologiques,  romans caritatifs,  financement de recherches médicales,  Bretagne,  Le Duigou,  Bozzi,  drogues,  démantèlements,  Stups,  policiers,  journalistes,  vengeances,  meutres,  crimes,  deuils,  amours impossibles,  suicides,  agressions,  preuves,  manipulations,  rencontres,  amitiés,  partenariats,  trio,  carrière policière,  sagas,  séries policières,  littérature générale,  littérature francophone]</keywords>
	<languageID>2</languageID>
	<createdOn>11.11.2016 11:45:27</createdOn>
	<authors> Alfredo Varona</authors>
<xml>

<xml>
	<title>Empire</title>
	<subtitle>1804-1805</subtitle>
	<isbn>9782335075120</isbn>
	<keywords>[Napoléon Ier,  Empire,  1804-1805,  Ligaran éditions,  ebooks,  autobiographies historiques,  mémoires,  histoire française,  France,  XIXe siècle,  Napoléon Bonaparte]</keywords>
	<languageID>2</languageID>
	<createdOn>11.11.2016 14:27:06</createdOn>
	<authors> Didier Carré</authors>
<xml>

<xml>
	<title>Summary: Millionaire Republican</title>
	<subtitle>Review and Analysis of Wayne Allyn Root's Book</subtitle>
	<isbn>9782511001271</isbn>
	<keywords>[Millionaire Republican,  Wayne Allyn Root,  political,  summary,  economics,  finance,  business,  economy,  republicans,  become rich,  Republican Party,  GOP,  funding,  jobs,  education,  church attendance,  charity,  growth]</keywords>
	<languageID>1</languageID>
	<createdOn>02.02.2017 08:54:28</createdOn>
	<authors> Noire sœur</authors>
<xml>

<xml>
	<title>Les petits théâtres du boulevart</title>
	<subtitle>Paris ou le Livre des cent-et-un</subtitle>
	<isbn>9782335077995</isbn>
	<keywords>[Stanislas Macaire,  Les petits théâtres du boulevart,  Paris ou le Livre des cent-et-un,  Ligaran éditions,  ebooks,  nouvelles,  littérature française,  classiques,  XIXe siècle,  études des mœurs et des sociétés,  anthropologie,  sociologie,  littéraire,  fictions]</keywords>
	<languageID>2</languageID>
	<createdOn>11.11.2016 14:25:40</createdOn>
	<authors> Léon Tolstoï</authors>
<xml>

<xml>
	<title>Beowulf (anonyme)</title>
	<subtitle>Les Fiches de Lecture d'Universalis</subtitle>
	<isbn>9782341005715</isbn>
	<keywords>[Beowulf,  auteur anonyme,  Les Fiches de Lecture d'Universalis,  Encyclopaedia Universalis,  ebooks,  encyclopédies,  ouvrages de référence,  articles,  fiches de lecture,  littérature anglaise,  littérature anglo-saxonne,  littérature scandinave,  littérature germanique,  analyses littéraires,  guides,  auteurs,  critiques,  légendes,  Xe siècle,  10e siècle,  classicisme,  christianisme]</keywords>
	<languageID>2</languageID>
	<createdOn>13.01.2017 11:11:06</createdOn>
	<authors> Damien Desamory</authors>
<xml>

<xml>
	<title>La fragilidad del neón</title>
	<subtitle>Novela Histórica</subtitle>
	<isbn>9788415900368</isbn>
	<keywords>[La fragilidad del neón,  Juan Laborda,  ediciones Alrevés ebooks,  ficción,  novelas históricas,  democracia,  Francia,  Argelia,  guerras,  revoluciones,  conflicto argelino]</keywords>
	<languageID>3</languageID>
	<createdOn>11.11.2016 11:53:42</createdOn>
	<authors> Natalia Gaidaenko Schaer</authors>
<xml>

<xml>
	<title>Le Tsar des étoiles</title>
	<subtitle>Tome 1 - Saga de science-fiction</subtitle>
	<isbn>9782372250153</isbn>
	<keywords>[Pierre Gévart,  Le Tsar des étoiles,  éditions Atria ebooks,  Le sommeil des dieux,  science-fiction,  romans d'anticipation,  projet prométhée,  espace,  expédition dans l'espace,  voyages,  vaisseau-monde,  navette spatiale,  projet spatial,  planètes,  colonisation spatiale,  futur]</keywords>
	<languageID>2</languageID>
	<createdOn>11.11.2016 12:04:41</createdOn>
	<authors>  Collectif</authors>
<xml>

<xml>
	<title>Organisation et management de la fonction juridique en entreprise</title>
	<subtitle>Méthodologies, outils et bonnes pratiques</subtitle>
	<isbn>9782804456214</isbn>
	<keywords>[Organisation et management de la fonction juridique en entreprise, Méthodologies, outils et bonnes pratiques, Charlotte Karila-Vaillant, Editions Larcier, ebooks, droit des affaires, droit commercial, entreprises, cadres juridiques, directions juridiques, stratégies, analyses, conseils, exemples, témoignages, négociation, budgets, leadership, professionnels, entrepreneurs, outils]</keywords>
	<languageID>2</languageID>
	<createdOn>11.11.2016 13:51:28</createdOn>
	<authors>  Ligaran</authors>
<xml>

<xml>
	<title>The Monk: A Romance by Matthew Gregory Lewis (Book Analysis)</title>
	<subtitle>Detailed Summary, Analysis and Reading Guide</subtitle>
	<isbn>9782806276445</isbn>
	<keywords>[Matthew Gregory Lewis,  The Monk: A Romance,  BrightSummaries.com,  summary,  book analysis,  reading guides,  study aids,  book notes,  immorality,  religion,  evil,  temptation,  redemption,  gothic,  devil,  death,  anticlericalism]</keywords>
	<languageID>1</languageID>
	<createdOn>11.11.2016 14:58:07</createdOn>
	<authors> Max Obione</authors>
<xml>

<xml>
	<title>Faites vos apéritifs et vos liqueurs … à votre goût</title>
	<subtitle>Pour les amateurs du fait maison !</subtitle>
	<isbn>9782868194046</isbn>
	<keywords>[Faites vos apéritifs et vos liqueurs … à votre goût,  J.-A. Chandon,  Éditions Utovie,  ebooks,  livres pratiques,  guides,  conseils,  fabrications,  astuces,  méthodes,  apéritifs,  liqueurs,  goûts,  ingrédients,  provenances,  respect nature,  respect saisons,  techniques,  recettes,  explications,  agriculture biologique certifiée,  self made,  choix]</keywords>
	<languageID>2</languageID>
	<createdOn>11.11.2016 13:40:46</createdOn>
	<authors> Charles Richet</authors>
<xml>

<xml>
	<title>Anna Karenina by Leo Tolstoy (Book Analysis)</title>
	<subtitle>Detailed Summary, Analysis and Reading Guide</subtitle>
	<isbn>9782806273321</isbn>
	<keywords>[ Leo Tolstoy,  Anna Karenina,  BrightSummaries.Com,  summary,  book analysis,  reading guides,  study aids,  book notes,  love,  adultery,  Russia,  19th century,  politics,  society,  religion,  conventions,  tragedy,  woman condition]</keywords>
	<languageID>1</languageID>
	<createdOn>11.11.2016 15:01:08</createdOn>
	<authors> Encyclopaedia Universalis</authors>
<xml>

<xml>
	<title>El mundo de ayer de Stefan Zweig (Guía de lectura)</title>
	<subtitle>Resumen y análisis completo</subtitle>
	<isbn>9782806292377</isbn>
	<keywords>[Stefan Zweig,  El mundo de ayer,  ResumenExpress,  guía de lectura,  análisis del libro,  literatura rápida,  autobiografía,  relato histórico,  künstlerroman,  pasado y presente,  fe en la razón y el futuro,  judaísmo,  arte como valor supremo,  Primera Guerra Mundial,  Segunda Guerra Mundial,  pacifismo,  Europa unida,  conflictos bélicos,  artistas]</keywords>
	<languageID>3</languageID>
	<createdOn>24.03.2017 17:16:15</createdOn>
	<authors> Daniela Raimondi</authors>
<xml>

<xml>
	<title>Le Colonel Chabert</title>
	<subtitle></subtitle>
	<isbn>9782806238511</isbn>
	<keywords>[littérature,  classiques littéraires,  grands classiques,  littérature française,  colonel chabert,  balzac]</keywords>
	<languageID>2</languageID>
	<createdOn>11.11.2016 10:05:00</createdOn>
	<authors> Laurence Binon</authors>
<xml>

<xml>
	<title>Humanisme chrétien et Humanisme athée</title>
	<subtitle></subtitle>
	<isbn>9782806630513</isbn>
	<keywords>[Humanisme chrétien et Humanisme athée,  Paul Vanderlinden,  EME éditions,  humanisme chrétien,  humanisme athée,  convictions,  réflexion,  spiritualité,  religions,  cultes,  Dieu,  immortalité]</keywords>
	<languageID>2</languageID>
	<createdOn>11.11.2016 11:33:40</createdOn>
	<authors>  Ligaran</authors>
<xml>

<xml>
	<title>Histoire de la divination dans l'Antiquité</title>
	<subtitle>Tome III - Oracles des dieux (suite) - Oracles des héros et des morts - Oracles exotiques hellénisés</subtitle>
	<isbn>9782335168044</isbn>
	<keywords>[Histoire de la divination dans l'Antiquité,  Tome III - Oracles des dieux (suite) - Oracles des héros et des morts - Oracles exotiques hellénisés,  Auguste Bouché-Leclercq,  éditions Ligaran,  ebooks,  littérature,  domaine public,  oeuvres classiques,  oeuvres indisponibles,  essais historiques,  études,  arts divinatoires,  sacerdoces,  devins,  oracles,  divinités,  mythologie,  cultes,  dieux,  déesses,  prêtres,  légendes,  croyances,  Antiquité romaine,  Antiquité grecque]</keywords>
	<languageID>2</languageID>
	<createdOn>11.11.2016 14:39:07</createdOn>
	<authors> Michèle Corfdir</authors>
<xml>

Numarul cartilor : 54